
     MT7668U(USB)   Ver 3.3.7C1.C1T2
     ############################################################################
     ############################################################################
     ###########                                                       ##########
     ###########                     WLAN Facility                     ##########
     ###########               for MT7668U(USB)                        ##########
     ###########                                                       ##########
     ############################################################################
     ############################################################################
     Test Date: 2020/09/28, Test Time: 19:57:08




     Plugin Information:
     ===============================================
       TesterPlugin | Tester_Legacy.dll  | 1.0.1
     ---------------|--------------------|----------
       DutPlugin    | DutLib_MT7668U.dll | unknown
     ---------------|--------------------|----------
       CsvPlugin    | WT_Csv.dll         | 1.0.0
     ---------------|--------------------|----------
       MesPlugin    |                    | 
     ---------------|--------------------|----------
       MethodPlugin | MethodBt.dll       | 1.0.0
                    | MethodCommon.dll   | 1.0.0
                    | MethodCustom.dll   | 1.0.0
                    | MethodDut.dll      | 1.0.0
                    | MethodWifi.dll     | 1.0.0
                    | MethodZigbee.dll   | 1.0.0
     ===============================================

     Tester API Information:
     ===============================================
     WT20X T26(2.8.8.1)
     ===============================================

1 .WT_CONNECT_TESTER
-------------------------------------------------------------------------------
[FAIL]->API:WT_Connect ErrorCode(1)
[FAIL]->API:WT_Connect ErrorCode(1)
[FAIL]->API:WT_Connect ErrorCode(1)
[FAIL]->API:WT_Connect ErrorCode(1)
   Connect Tester Fail!
   Can not connect to 192.168.10.254!
   Test Time: 3.70 sec



Teardown:

2 .WT_SHOW_VERIFY_SUMMARY
-------------------------------------------------------------------------------

   There is no verify test before.


   Test Time: 0.02 sec


3 .WT_DISCONNECT_TESTER
-------------------------------------------------------------------------------
   Test Time: 0.00 sec



Test Time Summary:
=====================================================================================
 No.   Item                                                        Result   TestTime 
-------------------------------------------------------------------------------------
  1  WT_CONNECT_TESTER                                              FAIL     3.70sec
  2  WT_SHOW_VERIFY_SUMMARY                                                  0.02sec
  3  WT_DISCONNECT_TESTER                                           PASS     0.00sec
=====================================================================================


   Error:Connect Tester Fail  Code:22001

     Total Time: 4.062 sec
     Total Result: FAIL
     #######################################################################
     ##                                                                   ##
     ##                    ########    ###     ####  ##                   ##
     ##                    ##         ## ##     ##   ##                   ##
     ##                    ##        ##   ##    ##   ##                   ##
     ##                    ######   ##     ##   ##   ##                   ##
     ##                    ##       #########   ##   ##                   ##
     ##                    ##       ##     ##   ##   ##                   ##
     ##                    ##       ##     ##  ####  ########             ##
     ##                                                                   ##
     #######################################################################

     MT7668U(USB)   Ver 3.3.7C1.C1T2
     ############################################################################
     ############################################################################
     ###########                                                       ##########
     ###########                     WLAN Facility                     ##########
     ###########               for MT7668U(USB)                        ##########
     ###########                                                       ##########
     ############################################################################
     ############################################################################
     Test Date: 2020/09/28, Test Time: 19:58:07




     Plugin Information:
     ===============================================
       TesterPlugin | Tester_Legacy.dll  | 1.0.1
     ---------------|--------------------|----------
       DutPlugin    | DutLib_MT7668U.dll | unknown
     ---------------|--------------------|----------
       CsvPlugin    | WT_Csv.dll         | 1.0.0
     ---------------|--------------------|----------
       MesPlugin    |                    | 
     ---------------|--------------------|----------
       MethodPlugin | MethodBt.dll       | 1.0.0
                    | MethodCommon.dll   | 1.0.0
                    | MethodCustom.dll   | 1.0.0
                    | MethodDut.dll      | 1.0.0
                    | MethodWifi.dll     | 1.0.0
                    | MethodZigbee.dll   | 1.0.0
     ===============================================

     Tester API Information:
     ===============================================
     WT20X T26(2.8.8.1)
     ===============================================

1 .WT_CONNECT_TESTER
-------------------------------------------------------------------------------
[FAIL]->API:WT_Connect ErrorCode(1)
[FAIL]->API:WT_Connect ErrorCode(1)
[FAIL]->API:WT_Connect ErrorCode(1)
[FAIL]->API:WT_Connect ErrorCode(1)
   Connect Tester Fail!
   Can not connect to 192.168.10.254!
   Test Time: 2.69 sec



Teardown:

2 .WT_SHOW_VERIFY_SUMMARY
-------------------------------------------------------------------------------

   There is no verify test before.


   Test Time: 0.02 sec


3 .WT_DISCONNECT_TESTER
-------------------------------------------------------------------------------
   Test Time: 0.02 sec



Test Time Summary:
=====================================================================================
 No.   Item                                                        Result   TestTime 
-------------------------------------------------------------------------------------
  1  WT_CONNECT_TESTER                                              FAIL     2.69sec
  2  WT_SHOW_VERIFY_SUMMARY                                                  0.02sec
  3  WT_DISCONNECT_TESTER                                           PASS     0.02sec
=====================================================================================


   Error:Connect Tester Fail  Code:22001

     Total Time: 3.046 sec
     Total Result: FAIL
     #######################################################################
     ##                                                                   ##
     ##                    ########    ###     ####  ##                   ##
     ##                    ##         ## ##     ##   ##                   ##
     ##                    ##        ##   ##    ##   ##                   ##
     ##                    ######   ##     ##   ##   ##                   ##
     ##                    ##       #########   ##   ##                   ##
     ##                    ##       ##     ##   ##   ##                   ##
     ##                    ##       ##     ##  ####  ########             ##
     ##                                                                   ##
     #######################################################################

     MT7668U(USB)   Ver 3.3.7C1.C1T2
     ############################################################################
     ############################################################################
     ###########                                                       ##########
     ###########                     WLAN Facility                     ##########
     ###########               for MT7668U(USB)                        ##########
     ###########                                                       ##########
     ############################################################################
     ############################################################################
     Test Date: 2020/09/28, Test Time: 21:13:04




     Plugin Information:
     ===============================================
       TesterPlugin | Tester_Legacy.dll  | 1.0.1
     ---------------|--------------------|----------
       DutPlugin    | DutLib_MT7668U.dll | unknown
     ---------------|--------------------|----------
       CsvPlugin    | WT_Csv.dll         | 1.0.0
     ---------------|--------------------|----------
       MesPlugin    |                    | 
     ---------------|--------------------|----------
       MethodPlugin | MethodBt.dll       | 1.0.0
                    | MethodCommon.dll   | 1.0.0
                    | MethodCustom.dll   | 1.0.0
                    | MethodDut.dll      | 1.0.0
                    | MethodWifi.dll     | 1.0.0
                    | MethodZigbee.dll   | 1.0.0
     ===============================================

     Tester API Information:
     ===============================================
     WT20X T26(2.8.8.1)
     ===============================================

1 .WT_CONNECT_TESTER
-------------------------------------------------------------------------------
[FAIL]->API:WT_Connect ErrorCode(1)
[FAIL]->API:WT_Connect ErrorCode(1)
