
     MT7668U(USB)   Ver 3.3.7C1.C1T2
     ############################################################################
     ############################################################################
     ###########                                                       ##########
     ###########                     WLAN Facility                     ##########
     ###########               for MT7668U(USB)                        ##########
     ###########                                                       ##########
     ############################################################################
     ############################################################################
     Test Date: 2020/10/19, Test Time: 09:59:18




     Plugin Information:
     ===============================================
       TesterPlugin | Tester_Legacy.dll  | 1.0.1
     ---------------|--------------------|----------
       DutPlugin    | DutLib_MT7668U.dll | unknown
     ---------------|--------------------|----------
       CsvPlugin    | WT_Csv.dll         | 1.0.0
     ---------------|--------------------|----------
       MesPlugin    |                    | 
     ---------------|--------------------|----------
       MethodPlugin | MethodBt.dll       | 1.0.0
                    | MethodCommon.dll   | 1.0.0
                    | MethodCustom.dll   | 1.0.0
                    | MethodDut.dll      | 1.0.0
                    | MethodWifi.dll     | 1.0.0
                    | MethodZigbee.dll   | 1.0.0
     ===============================================

     Tester API Information:
     ===============================================
     WT20X T26(2.8.8.1)
     ===============================================

open lib mp819xbd.dll failed

Test Time Summary:
=====================================================================================
 No.   Item                                                        Result   TestTime 
-------------------------------------------------------------------------------------
=====================================================================================


   Error:DUT Operate Fail  Code:20010

     Total Time: 0.016 sec
     Total Result: FAIL
     #######################################################################
     ##                                                                   ##
     ##                    ########    ###     ####  ##                   ##
     ##                    ##         ## ##     ##   ##                   ##
     ##                    ##        ##   ##    ##   ##                   ##
     ##                    ######   ##     ##   ##   ##                   ##
     ##                    ##       #########   ##   ##                   ##
     ##                    ##       ##     ##   ##   ##                   ##
     ##                    ##       ##     ##  ####  ########             ##
     ##                                                                   ##
     #######################################################################

     MT7668U(USB)   Ver 3.3.7C1.C1T2
     ############################################################################
     ############################################################################
     ###########                                                       ##########
     ###########                     WLAN Facility                     ##########
     ###########               for MT7668U(USB)                        ##########
     ###########                                                       ##########
     ############################################################################
     ############################################################################
     Test Date: 2020/10/19, Test Time: 10:05:14




     Plugin Information:
     ===============================================
       TesterPlugin | Tester_Legacy.dll  | 1.0.1
     ---------------|--------------------|----------
       DutPlugin    | DutLib_MT7668U.dll | unknown
     ---------------|--------------------|----------
       CsvPlugin    | WT_Csv.dll         | 1.0.0
     ---------------|--------------------|----------
       MesPlugin    |                    | 
     ---------------|--------------------|----------
       MethodPlugin | MethodBt.dll       | 1.0.0
                    | MethodCommon.dll   | 1.0.0
                    | MethodCustom.dll   | 1.0.0
                    | MethodDut.dll      | 1.0.0
                    | MethodWifi.dll     | 1.0.0
                    | MethodZigbee.dll   | 1.0.0
     ===============================================

     Tester API Information:
     ===============================================
     WT20X T26(2.8.8.1)
     ===============================================

open lib mp819xbd.dll failed

Test Time Summary:
=====================================================================================
 No.   Item                                                        Result   TestTime 
-------------------------------------------------------------------------------------
=====================================================================================


   Error:DUT Operate Fail  Code:20010

     Total Time: 0.016 sec
     Total Result: FAIL
     #######################################################################
     ##                                                                   ##
     ##                    ########    ###     ####  ##                   ##
     ##                    ##         ## ##     ##   ##                   ##
     ##                    ##        ##   ##    ##   ##                   ##
     ##                    ######   ##     ##   ##   ##                   ##
     ##                    ##       #########   ##   ##                   ##
     ##                    ##       ##     ##   ##   ##                   ##
     ##                    ##       ##     ##  ####  ########             ##
     ##                                                                   ##
     #######################################################################
