
     MT7668U(USB)   Ver 3.3.7C1.C1T2
     ############################################################################
     ############################################################################
     ###########                                                       ##########
     ###########                     WLAN Facility                     ##########
     ###########               for MT7668U(USB)                        ##########
     ###########                                                       ##########
     ############################################################################
     ############################################################################
     Test Date: 2020/10/16, Test Time: 14:50:56




     Plugin Information:
     ===============================================
       TesterPlugin | Tester_Legacy.dll  | 1.0.1
     ---------------|--------------------|----------
       DutPlugin    | DutLib_MT7668U.dll | unknown
     ---------------|--------------------|----------
       CsvPlugin    | WT_Csv.dll         | 1.0.0
     ---------------|--------------------|----------
       MesPlugin    |                    | 
     ---------------|--------------------|----------
       MethodPlugin | MethodBt.dll       | 1.0.0
                    | MethodCommon.dll   | 1.0.0
                    | MethodCustom.dll   | 1.0.0
                    | MethodDut.dll      | 1.0.0
                    | MethodWifi.dll     | 1.0.0
                    | MethodZigbee.dll   | 1.0.0
     ===============================================

     Tester API Information:
     ===============================================
     WT20X T26(2.8.8.1)
     ===============================================

1 .WT_CONNECT_TESTER
-------------------------------------------------------------------------------
[FAIL]->API:WT_Connect ErrorCode(1)
[FAIL]->API:WT_Connect ErrorCode(1)
[FAIL]->API:WT_Connect ErrorCode(1)
[FAIL]->API:WT_Connect ErrorCode(1)
   Connect Tester Fail!
   Can not connect to 192.168.10.254!
   Test Time: 2.91 sec



Teardown:

2 .WT_SHOW_VERIFY_SUMMARY
-------------------------------------------------------------------------------

   There is no verify test before.


   Test Time: 0.00 sec


3 .WT_DISCONNECT_TESTER
-------------------------------------------------------------------------------
   Test Time: 0.00 sec



Test Time Summary:
=====================================================================================
 No.   Item                                                        Result   TestTime 
-------------------------------------------------------------------------------------
  1  WT_CONNECT_TESTER                                              FAIL     2.91sec
  2  WT_SHOW_VERIFY_SUMMARY                                                  0.00sec
  3  WT_DISCONNECT_TESTER                                           PASS     0.00sec
=====================================================================================


   Error:Connect Tester Fail  Code:22001

     Total Time: 3.782 sec
     Total Result: FAIL
     #######################################################################
     ##                                                                   ##
     ##                    ########    ###     ####  ##                   ##
     ##                    ##         ## ##     ##   ##                   ##
     ##                    ##        ##   ##    ##   ##                   ##
     ##                    ######   ##     ##   ##   ##                   ##
     ##                    ##       #########   ##   ##                   ##
     ##                    ##       ##     ##   ##   ##                   ##
     ##                    ##       ##     ##  ####  ########             ##
     ##                                                                   ##
     #######################################################################

     MT7668U(USB)   Ver 3.3.7C1.C1T2
     ############################################################################
     ############################################################################
     ###########                                                       ##########
     ###########                     WLAN Facility                     ##########
     ###########               for MT7668U(USB)                        ##########
     ###########                                                       ##########
     ############################################################################
     ############################################################################
     Test Date: 2020/10/16, Test Time: 14:52:17




     Plugin Information:
     ===============================================
       TesterPlugin | Tester_Legacy.dll  | 1.0.1
     ---------------|--------------------|----------
       DutPlugin    | DutLib_MT7668U.dll | unknown
     ---------------|--------------------|----------
       CsvPlugin    | WT_Csv.dll         | 1.0.0
     ---------------|--------------------|----------
       MesPlugin    |                    | 
     ---------------|--------------------|----------
       MethodPlugin | MethodBt.dll       | 1.0.0
                    | MethodCommon.dll   | 1.0.0
                    | MethodCustom.dll   | 1.0.0
                    | MethodDut.dll      | 1.0.0
                    | MethodWifi.dll     | 1.0.0
                    | MethodZigbee.dll   | 1.0.0
     ===============================================

     Tester API Information:
     ===============================================
     WT20X T26(2.8.8.1)
     ===============================================

1 .WT_CONNECT_TESTER
-------------------------------------------------------------------------------
[FAIL]->API:WT_Connect ErrorCode(1)
[FAIL]->API:WT_Connect ErrorCode(1)
[FAIL]->API:WT_Connect ErrorCode(1)
[FAIL]->API:WT_Connect ErrorCode(1)
   Connect Tester Fail!
   Can not connect to 192.168.10.254!
   Test Time: 2.92 sec



Teardown:

2 .WT_SHOW_VERIFY_SUMMARY
-------------------------------------------------------------------------------

   There is no verify test before.


   Test Time: 0.02 sec


3 .WT_DISCONNECT_TESTER
-------------------------------------------------------------------------------
   Test Time: 0.01 sec



Test Time Summary:
=====================================================================================
 No.   Item                                                        Result   TestTime 
-------------------------------------------------------------------------------------
  1  WT_CONNECT_TESTER                                              FAIL     2.92sec
  2  WT_SHOW_VERIFY_SUMMARY                                                  0.02sec
  3  WT_DISCONNECT_TESTER                                           PASS     0.01sec
=====================================================================================


   Error:Connect Tester Fail  Code:22001

     Total Time: 3.796 sec
     Total Result: FAIL
     #######################################################################
     ##                                                                   ##
     ##                    ########    ###     ####  ##                   ##
     ##                    ##         ## ##     ##   ##                   ##
     ##                    ##        ##   ##    ##   ##                   ##
     ##                    ######   ##     ##   ##   ##                   ##
     ##                    ##       #########   ##   ##                   ##
     ##                    ##       ##     ##   ##   ##                   ##
     ##                    ##       ##     ##  ####  ########             ##
     ##                                                                   ##
     #######################################################################

     MT7668U(USB)   Ver 3.3.7C1.C1T2
     ############################################################################
     ############################################################################
     ###########                                                       ##########
     ###########                     WLAN Facility                     ##########
     ###########               for MT7668U(USB)                        ##########
     ###########                                                       ##########
     ############################################################################
     ############################################################################
     Test Date: 2020/10/16, Test Time: 15:03:37




     Plugin Information:
     ===============================================
       TesterPlugin | Tester_Legacy.dll  | 1.0.1
     ---------------|--------------------|----------
       DutPlugin    | DutLib_MT7668U.dll | unknown
     ---------------|--------------------|----------
       CsvPlugin    | WT_Csv.dll         | 1.0.0
     ---------------|--------------------|----------
       MesPlugin    |                    | 
     ---------------|--------------------|----------
       MethodPlugin | MethodBt.dll       | 1.0.0
                    | MethodCommon.dll   | 1.0.0
                    | MethodCustom.dll   | 1.0.0
                    | MethodDut.dll      | 1.0.0
                    | MethodWifi.dll     | 1.0.0
                    | MethodZigbee.dll   | 1.0.0
     ===============================================

     Tester API Information:
     ===============================================
     WT20X T26(2.8.8.1)
     ===============================================

1 .WT_CONNECT_TESTER
-------------------------------------------------------------------------------
[FAIL]->API:WT_Connect ErrorCode(1)
[FAIL]->API:WT_Connect ErrorCode(1)
[FAIL]->API:WT_Connect ErrorCode(1)
[FAIL]->API:WT_Connect ErrorCode(1)
   Connect Tester Fail!
   Can not connect to 192.168.10.254!
   Test Time: 2.92 sec



Teardown:

2 .WT_SHOW_VERIFY_SUMMARY
-------------------------------------------------------------------------------

   There is no verify test before.


   Test Time: 0.01 sec


3 .WT_DISCONNECT_TESTER
-------------------------------------------------------------------------------
   Test Time: 0.00 sec



Test Time Summary:
=====================================================================================
 No.   Item                                                        Result   TestTime 
-------------------------------------------------------------------------------------
  1  WT_CONNECT_TESTER                                              FAIL     2.92sec
  2  WT_SHOW_VERIFY_SUMMARY                                                  0.01sec
  3  WT_DISCONNECT_TESTER                                           PASS     0.00sec
=====================================================================================


   Error:Connect Tester Fail  Code:22001

     Total Time: 3.781 sec
     Total Result: FAIL
     #######################################################################
     ##                                                                   ##
     ##                    ########    ###     ####  ##                   ##
     ##                    ##         ## ##     ##   ##                   ##
     ##                    ##        ##   ##    ##   ##                   ##
     ##                    ######   ##     ##   ##   ##                   ##
     ##                    ##       #########   ##   ##                   ##
     ##                    ##       ##     ##   ##   ##                   ##
     ##                    ##       ##     ##  ####  ########             ##
     ##                                                                   ##
     #######################################################################

     MT7668U(USB)   Ver 3.3.7C1.C1T2
     ############################################################################
     ############################################################################
     ###########                                                       ##########
     ###########                     WLAN Facility                     ##########
     ###########               for MT7668U(USB)                        ##########
     ###########                                                       ##########
     ############################################################################
     ############################################################################
     Test Date: 2020/10/16, Test Time: 15:06:16




     Plugin Information:
     ===============================================
       TesterPlugin | Tester_Legacy.dll  | 1.0.1
     ---------------|--------------------|----------
       DutPlugin    | DutLib_MT7668U.dll | unknown
     ---------------|--------------------|----------
       CsvPlugin    | WT_Csv.dll         | 1.0.0
     ---------------|--------------------|----------
       MesPlugin    |                    | 
     ---------------|--------------------|----------
       MethodPlugin | MethodBt.dll       | 1.0.0
                    | MethodCommon.dll   | 1.0.0
                    | MethodCustom.dll   | 1.0.0
                    | MethodDut.dll      | 1.0.0
                    | MethodWifi.dll     | 1.0.0
                    | MethodZigbee.dll   | 1.0.0
     ===============================================

     Tester API Information:
     ===============================================
     WT20X T26(2.8.8.1)
     ===============================================

1 .WT_CONNECT_TESTER
-------------------------------------------------------------------------------
[FAIL]->API:WT_Connect ErrorCode(1)
[FAIL]->API:WT_Connect ErrorCode(1)
[FAIL]->API:WT_Connect ErrorCode(1)
[FAIL]->API:WT_Connect ErrorCode(1)
   Connect Tester Fail!
   Can not connect to 192.168.10.254!
   Test Time: 2.89 sec



Teardown:

2 .WT_SHOW_VERIFY_SUMMARY
-------------------------------------------------------------------------------

   There is no verify test before.


   Test Time: 0.01 sec


3 .WT_DISCONNECT_TESTER
-------------------------------------------------------------------------------
   Test Time: 0.02 sec



Test Time Summary:
=====================================================================================
 No.   Item                                                        Result   TestTime 
-------------------------------------------------------------------------------------
  1  WT_CONNECT_TESTER                                              FAIL     2.89sec
  2  WT_SHOW_VERIFY_SUMMARY                                                  0.01sec
  3  WT_DISCONNECT_TESTER                                           PASS     0.02sec
=====================================================================================


   Error:Connect Tester Fail  Code:22001

     Total Time: 3.516 sec
     Total Result: FAIL
     #######################################################################
     ##                                                                   ##
     ##                    ########    ###     ####  ##                   ##
     ##                    ##         ## ##     ##   ##                   ##
     ##                    ##        ##   ##    ##   ##                   ##
     ##                    ######   ##     ##   ##   ##                   ##
     ##                    ##       #########   ##   ##                   ##
     ##                    ##       ##     ##   ##   ##                   ##
     ##                    ##       ##     ##  ####  ########             ##
     ##                                                                   ##
     #######################################################################

     MT7668U(USB)   Ver 3.3.7C1.C1T2
     ############################################################################
     ############################################################################
     ###########                                                       ##########
     ###########                     WLAN Facility                     ##########
     ###########               for MT7668U(USB)                        ##########
     ###########                                                       ##########
     ############################################################################
     ############################################################################
     Test Date: 2020/10/16, Test Time: 15:16:05




     Plugin Information:
     ===============================================
       TesterPlugin | Tester_Legacy.dll  | 1.0.1
     ---------------|--------------------|----------
       DutPlugin    | DutLib_MT7668U.dll | unknown
     ---------------|--------------------|----------
       CsvPlugin    | WT_Csv.dll         | 1.0.0
     ---------------|--------------------|----------
       MesPlugin    |                    | 
     ---------------|--------------------|----------
       MethodPlugin | MethodBt.dll       | 1.0.0
                    | MethodCommon.dll   | 1.0.0
                    | MethodCustom.dll   | 1.0.0
                    | MethodDut.dll      | 1.0.0
                    | MethodWifi.dll     | 1.0.0
                    | MethodZigbee.dll   | 1.0.0
     ===============================================

     Tester API Information:
     ===============================================
     WT20X T26(2.8.8.1)
     ===============================================

1 .WT_CONNECT_TESTER
-------------------------------------------------------------------------------
[FAIL]->API:WT_Connect ErrorCode(1)
[FAIL]->API:WT_Connect ErrorCode(1)
[FAIL]->API:WT_Connect ErrorCode(1)
[FAIL]->API:WT_Connect ErrorCode(1)
   Connect Tester Fail!
   Can not connect to 192.168.10.254!
   Test Time: 2.92 sec



Teardown:

2 .WT_SHOW_VERIFY_SUMMARY
-------------------------------------------------------------------------------

   There is no verify test before.


   Test Time: 0.02 sec


3 .WT_DISCONNECT_TESTER
-------------------------------------------------------------------------------
   Test Time: 0.01 sec



Test Time Summary:
=====================================================================================
 No.   Item                                                        Result   TestTime 
-------------------------------------------------------------------------------------
  1  WT_CONNECT_TESTER                                              FAIL     2.92sec
  2  WT_SHOW_VERIFY_SUMMARY                                                  0.02sec
  3  WT_DISCONNECT_TESTER                                           PASS     0.01sec
=====================================================================================


   Error:Connect Tester Fail  Code:22001

     Total Time: 3.813 sec
     Total Result: FAIL
     #######################################################################
     ##                                                                   ##
     ##                    ########    ###     ####  ##                   ##
     ##                    ##         ## ##     ##   ##                   ##
     ##                    ##        ##   ##    ##   ##                   ##
     ##                    ######   ##     ##   ##   ##                   ##
     ##                    ##       #########   ##   ##                   ##
     ##                    ##       ##     ##   ##   ##                   ##
     ##                    ##       ##     ##  ####  ########             ##
     ##                                                                   ##
     #######################################################################

     MT7668U(USB)   Ver 3.3.7C1.C1T2
     ############################################################################
     ############################################################################
     ###########                                                       ##########
     ###########                     WLAN Facility                     ##########
     ###########               for MT7668U(USB)                        ##########
     ###########                                                       ##########
     ############################################################################
     ############################################################################
     Test Date: 2020/10/16, Test Time: 15:16:49




     Plugin Information:
     ===============================================
       TesterPlugin | Tester_Legacy.dll  | 1.0.1
     ---------------|--------------------|----------
       DutPlugin    | DutLib_MT7668U.dll | unknown
     ---------------|--------------------|----------
       CsvPlugin    | WT_Csv.dll         | 1.0.0
     ---------------|--------------------|----------
       MesPlugin    |                    | 
     ---------------|--------------------|----------
       MethodPlugin | MethodBt.dll       | 1.0.0
                    | MethodCommon.dll   | 1.0.0
                    | MethodCustom.dll   | 1.0.0
                    | MethodDut.dll      | 1.0.0
                    | MethodWifi.dll     | 1.0.0
                    | MethodZigbee.dll   | 1.0.0
     ===============================================

     Tester API Information:
     ===============================================
     WT20X T26(2.8.8.1)
     ===============================================

1 .WT_CONNECT_TESTER
-------------------------------------------------------------------------------
[FAIL]->API:WT_Connect ErrorCode(1)
[FAIL]->API:WT_Connect ErrorCode(1)
[FAIL]->API:WT_Connect ErrorCode(1)
[FAIL]->API:WT_Connect ErrorCode(1)
   Connect Tester Fail!
   Can not connect to 192.168.10.254!
   Test Time: 2.97 sec



Teardown:

2 .WT_SHOW_VERIFY_SUMMARY
-------------------------------------------------------------------------------

   There is no verify test before.


   Test Time: 0.03 sec


3 .WT_DISCONNECT_TESTER
-------------------------------------------------------------------------------
   Test Time: 0.02 sec



Test Time Summary:
=====================================================================================
 No.   Item                                                        Result   TestTime 
-------------------------------------------------------------------------------------
  1  WT_CONNECT_TESTER                                              FAIL     2.97sec
  2  WT_SHOW_VERIFY_SUMMARY                                                  0.03sec
  3  WT_DISCONNECT_TESTER                                           PASS     0.02sec
=====================================================================================


   Error:Connect Tester Fail  Code:22001

     Total Time: 3.922 sec
     Total Result: FAIL
     #######################################################################
     ##                                                                   ##
     ##                    ########    ###     ####  ##                   ##
     ##                    ##         ## ##     ##   ##                   ##
     ##                    ##        ##   ##    ##   ##                   ##
     ##                    ######   ##     ##   ##   ##                   ##
     ##                    ##       #########   ##   ##                   ##
     ##                    ##       ##     ##   ##   ##                   ##
     ##                    ##       ##     ##  ####  ########             ##
     ##                                                                   ##
     #######################################################################

     MT7668U(USB)   Ver 3.3.7C1.C1T2
     ############################################################################
     ############################################################################
     ###########                                                       ##########
     ###########                     WLAN Facility                     ##########
     ###########               for MT7668U(USB)                        ##########
     ###########                                                       ##########
     ############################################################################
     ############################################################################
     Test Date: 2020/10/16, Test Time: 15:23:56




     Plugin Information:
     ===============================================
       TesterPlugin | Tester_Legacy.dll  | 1.0.1
     ---------------|--------------------|----------
       DutPlugin    | DutLib_MT7668U.dll | unknown
     ---------------|--------------------|----------
       CsvPlugin    | WT_Csv.dll         | 1.0.0
     ---------------|--------------------|----------
       MesPlugin    |                    | 
     ---------------|--------------------|----------
       MethodPlugin | MethodBt.dll       | 1.0.0
                    | MethodCommon.dll   | 1.0.0
                    | MethodCustom.dll   | 1.0.0
                    | MethodDut.dll      | 1.0.0
                    | MethodWifi.dll     | 1.0.0
                    | MethodZigbee.dll   | 1.0.0
     ===============================================

     Tester API Information:
     ===============================================
     WT20X T26(2.8.8.1)
     ===============================================

1 .WT_CONNECT_TESTER
-------------------------------------------------------------------------------
[FAIL]->API:WT_Connect ErrorCode(1)
[FAIL]->API:WT_Connect ErrorCode(1)
[FAIL]->API:WT_Connect ErrorCode(1)
[FAIL]->API:WT_Connect ErrorCode(1)
   Connect Tester Fail!
   Can not connect to 192.168.10.254!
   Test Time: 2.94 sec



Teardown:

2 .WT_SHOW_VERIFY_SUMMARY
-------------------------------------------------------------------------------

   There is no verify test before.


   Test Time: 0.01 sec


3 .WT_DISCONNECT_TESTER
-------------------------------------------------------------------------------
   Test Time: 0.01 sec



Test Time Summary:
=====================================================================================
 No.   Item                                                        Result   TestTime 
-------------------------------------------------------------------------------------
  1  WT_CONNECT_TESTER                                              FAIL     2.94sec
  2  WT_SHOW_VERIFY_SUMMARY                                                  0.01sec
  3  WT_DISCONNECT_TESTER                                           PASS     0.01sec
=====================================================================================


   Error:Connect Tester Fail  Code:22001

     Total Time: 3.812 sec
     Total Result: FAIL
     #######################################################################
     ##                                                                   ##
     ##                    ########    ###     ####  ##                   ##
     ##                    ##         ## ##     ##   ##                   ##
     ##                    ##        ##   ##    ##   ##                   ##
     ##                    ######   ##     ##   ##   ##                   ##
     ##                    ##       #########   ##   ##                   ##
     ##                    ##       ##     ##   ##   ##                   ##
     ##                    ##       ##     ##  ####  ########             ##
     ##                                                                   ##
     #######################################################################
