
     MT7668U(USB)   Ver 3.3.7C1.C1T2
     ############################################################################
     ############################################################################
     ###########                                                       ##########
     ###########                     WLAN Facility                     ##########
     ###########               for MT7668U(USB)                        ##########
     ###########                                                       ##########
     ############################################################################
     ############################################################################
     Test Date: 2020/10/21, Test Time: 17:00:44




     Plugin Information:
     ===============================================
       TesterPlugin | Tester_Legacy.dll  | 1.0.1
     ---------------|--------------------|----------
       DutPlugin    | DutLib_MT7668U.dll | unknown
     ---------------|--------------------|----------
       CsvPlugin    | WT_Csv.dll         | 1.0.0
     ---------------|--------------------|----------
       MesPlugin    |                    | 
     ---------------|--------------------|----------
       MethodPlugin | MethodBt.dll       | 1.0.0
                    | MethodCommon.dll   | 1.0.0
                    | MethodCustom.dll   | 1.0.0
                    | MethodDut.dll      | 1.0.0
                    | MethodWifi.dll     | 1.0.0
                    | MethodZigbee.dll   | 1.0.0
     ===============================================

     Tester API Information:
     ===============================================
     WT20X T26(2.8.8.1)
     ===============================================

open lib mp819xbd.dll failed

Test Time Summary:
=====================================================================================
 No.   Item                                                        Result   TestTime 
-------------------------------------------------------------------------------------
=====================================================================================


   Error:DUT Operate Fail  Code:20010

     Total Time: 0.063 sec
     Total Result: FAIL
     #######################################################################
     ##                                                                   ##
     ##                    ########    ###     ####  ##                   ##
     ##                    ##         ## ##     ##   ##                   ##
     ##                    ##        ##   ##    ##   ##                   ##
     ##                    ######   ##     ##   ##   ##                   ##
     ##                    ##       #########   ##   ##                   ##
     ##                    ##       ##     ##   ##   ##                   ##
     ##                    ##       ##     ##  ####  ########             ##
     ##                                                                   ##
     #######################################################################
open lib mp819xbd.dll failed
open lib mp819xbd.dll failed
open lib mp819xbd.dll failed
open lib mp819xbd.dll failed
open lib mp819xbd.dll failed
open lib mp819xbd.dll failed
open lib mp819xbd.dll failed
open lib mp819xbd.dll failed
   # Please check line 71 in ./WT_SETUP//WT_MAC.txt.
   # WT_MAC_CURRENT_1 miss content.



     MT7668U(USB)   Ver 3.3.7C1.C1T2
     ############################################################################
     ############################################################################
     ###########                                                       ##########
     ###########                     WLAN Facility                     ##########
     ###########               for MT7668U(USB)                        ##########
     ###########                                                       ##########
     ############################################################################
     ############################################################################
     Test Date: 2020/10/21, Test Time: 17:00:54




     Plugin Information:
     ===============================================
       TesterPlugin | Tester_Legacy.dll  | 1.0.1
     ---------------|--------------------|----------
       DutPlugin    | DutLib_MT7668U.dll | unknown
     ---------------|--------------------|----------
       CsvPlugin    | WT_Csv.dll         | 1.0.0
     ---------------|--------------------|----------
       MesPlugin    |                    | 
     ---------------|--------------------|----------
       MethodPlugin | MethodBt.dll       | 1.0.0
                    | MethodCommon.dll   | 1.0.0
                    | MethodCustom.dll   | 1.0.0
                    | MethodDut.dll      | 1.0.0
                    | MethodWifi.dll     | 1.0.0
                    | MethodZigbee.dll   | 1.0.0
     ===============================================

     Tester API Information:
     ===============================================
     WT20X T26(2.8.8.1)
     ===============================================

open lib mp819xbd.dll failed

Test Time Summary:
=====================================================================================
 No.   Item                                                        Result   TestTime 
-------------------------------------------------------------------------------------
=====================================================================================


   Error:DUT Operate Fail  Code:20010

     Total Time: 0.079 sec
     Total Result: FAIL
     #######################################################################
     ##                                                                   ##
     ##                    ########    ###     ####  ##                   ##
     ##                    ##         ## ##     ##   ##                   ##
     ##                    ##        ##   ##    ##   ##                   ##
     ##                    ######   ##     ##   ##   ##                   ##
     ##                    ##       #########   ##   ##                   ##
     ##                    ##       ##     ##   ##   ##                   ##
     ##                    ##       ##     ##  ####  ########             ##
     ##                                                                   ##
     #######################################################################
open lib mp819xbd.dll failed
open lib mp819xbd.dll failed
open lib mp819xbd.dll failed
open lib mp819xbd.dll failed
open lib mp819xbd.dll failed
open lib mp819xbd.dll failed
open lib mp819xbd.dll failed
open lib mp819xbd.dll failed
open lib mp819xbd.dll failed
open lib mp819xbd.dll failed
open lib mp819xbd.dll failed
open lib mp819xbd.dll failed
open lib mp819xbd.dll failed
open lib mp819xbd.dll failed
open lib mp819xbd.dll failed
open lib mp819xbd.dll failed
open lib mp819xbd.dll failed
open lib mp819xbd.dll failed
open lib mp819xbd.dll failed
open lib mp819xbd.dll failed
open lib mp819xbd.dll failed
open lib mp819xbd.dll failed
open lib mp819xbd.dll failed
open lib mp819xbd.dll failed
open lib mp819xbd.dll failed
open lib mp819xbd.dll failed
open lib mp819xbd.dll failed
open lib mp819xbd.dll failed
open lib mp819xbd.dll failed
open lib mp819xbd.dll failed
open lib mp819xbd.dll failed
open lib mp819xbd.dll failed
open lib mp819xbd.dll failed
open lib mp819xbd.dll failed
open lib mp819xbd.dll failed
open lib mp819xbd.dll failed
open lib mp819xbd.dll failed
open lib mp819xbd.dll failed
open lib mp819xbd.dll failed
open lib mp819xbd.dll failed
open lib mp819xbd.dll failed
open lib mp819xbd.dll failed
open lib mp819xbd.dll failed
open lib mp819xbd.dll failed
open lib mp819xbd.dll failed
open lib mp819xbd.dll failed
open lib mp819xbd.dll failed
open lib mp819xbd.dll failed
open lib mp819xbd.dll failed
open lib mp819xbd.dll failed
open lib mp819xbd.dll failed
open lib mp819xbd.dll failed
open lib mp819xbd.dll failed
open lib mp819xbd.dll failed
open lib mp819xbd.dll failed
open lib mp819xbd.dll failed
open lib mp819xbd.dll failed
open lib mp819xbd.dll failed
open lib mp819xbd.dll failed
open lib mp819xbd.dll failed
open lib mp819xbd.dll failed
open lib mp819xbd.dll failed
open lib mp819xbd.dll failed
open lib mp819xbd.dll failed
open lib mp819xbd.dll failed
open lib mp819xbd.dll failed
open lib mp819xbd.dll failed
open lib mp819xbd.dll failed
open lib mp819xbd.dll failed
open lib mp819xbd.dll failed
open lib mp819xbd.dll failed
open lib mp819xbd.dll failed
open lib mp819xbd.dll failed
open lib mp819xbd.dll failed
open lib mp819xbd.dll failed
open lib mp819xbd.dll failed
open lib mp819xbd.dll failed
open lib mp819xbd.dll failed
open lib mp819xbd.dll failed
open lib mp819xbd.dll failed
open lib mp819xbd.dll failed
open lib mp819xbd.dll failed
open lib mp819xbd.dll failed

     MT7668U(USB)   Ver 3.3.7C1.C1T2
     ############################################################################
     ############################################################################
     ###########                                                       ##########
     ###########                     WLAN Facility                     ##########
     ###########               for MT7668U(USB)                        ##########
     ###########                                                       ##########
     ############################################################################
     ############################################################################
     Test Date: 2020/10/21, Test Time: 17:03:02




     Plugin Information:
     ===============================================
       TesterPlugin | Tester_Legacy.dll  | 1.0.1
     ---------------|--------------------|----------
       DutPlugin    | DutLib_MT7668U.dll | unknown
     ---------------|--------------------|----------
       CsvPlugin    | WT_Csv.dll         | 1.0.0
     ---------------|--------------------|----------
       MesPlugin    |                    | 
     ---------------|--------------------|----------
       MethodPlugin | MethodBt.dll       | 1.0.0
                    | MethodCommon.dll   | 1.0.0
                    | MethodCustom.dll   | 1.0.0
                    | MethodDut.dll      | 1.0.0
                    | MethodWifi.dll     | 1.0.0
                    | MethodZigbee.dll   | 1.0.0
     ===============================================

     Tester API Information:
     ===============================================
     WT20X T26(2.8.8.1)
     ===============================================

open lib mp819xbd.dll failed

Test Time Summary:
=====================================================================================
 No.   Item                                                        Result   TestTime 
-------------------------------------------------------------------------------------
=====================================================================================


   Error:DUT Operate Fail  Code:20010

     Total Time: 0.062 sec
     Total Result: FAIL
     #######################################################################
     ##                                                                   ##
     ##                    ########    ###     ####  ##                   ##
     ##                    ##         ## ##     ##   ##                   ##
     ##                    ##        ##   ##    ##   ##                   ##
     ##                    ######   ##     ##   ##   ##                   ##
     ##                    ##       #########   ##   ##                   ##
     ##                    ##       ##     ##   ##   ##                   ##
     ##                    ##       ##     ##  ####  ########             ##
     ##                                                                   ##
     #######################################################################
open lib mp819xbd.dll failed
open lib mp819xbd.dll failed
open lib mp819xbd.dll failed
open lib mp819xbd.dll failed
open lib mp819xbd.dll failed
   # Please check line 71 in ./WT_SETUP//WT_MAC.txt.
   # WT_MAC_CURRENT_1 miss content.



     MT7668U(USB)   Ver 3.3.7C1.C1T2
     ############################################################################
     ############################################################################
     ###########                                                       ##########
     ###########                     WLAN Facility                     ##########
     ###########               for MT7668U(USB)                        ##########
     ###########                                                       ##########
     ############################################################################
     ############################################################################
     Test Date: 2020/10/21, Test Time: 17:03:07




     Plugin Information:
     ===============================================
       TesterPlugin | Tester_Legacy.dll  | 1.0.1
     ---------------|--------------------|----------
       DutPlugin    | DutLib_MT7668U.dll | unknown
     ---------------|--------------------|----------
       CsvPlugin    | WT_Csv.dll         | 1.0.0
     ---------------|--------------------|----------
       MesPlugin    |                    | 
     ---------------|--------------------|----------
       MethodPlugin | MethodBt.dll       | 1.0.0
                    | MethodCommon.dll   | 1.0.0
                    | MethodCustom.dll   | 1.0.0
                    | MethodDut.dll      | 1.0.0
                    | MethodWifi.dll     | 1.0.0
                    | MethodZigbee.dll   | 1.0.0
     ===============================================

     Tester API Information:
     ===============================================
     WT20X T26(2.8.8.1)
     ===============================================

open lib mp819xbd.dll failed

Test Time Summary:
=====================================================================================
 No.   Item                                                        Result   TestTime 
-------------------------------------------------------------------------------------
=====================================================================================


   Error:DUT Operate Fail  Code:20010

     Total Time: 0.063 sec
     Total Result: FAIL
     #######################################################################
     ##                                                                   ##
     ##                    ########    ###     ####  ##                   ##
     ##                    ##         ## ##     ##   ##                   ##
     ##                    ##        ##   ##    ##   ##                   ##
     ##                    ######   ##     ##   ##   ##                   ##
     ##                    ##       #########   ##   ##                   ##
     ##                    ##       ##     ##   ##   ##                   ##
     ##                    ##       ##     ##  ####  ########             ##
     ##                                                                   ##
     #######################################################################
open lib mp819xbd.dll failed
open lib mp819xbd.dll failed
open lib mp819xbd.dll failed
open lib mp819xbd.dll failed
   # Please check line 71 in ./WT_SETUP//WT_MAC.txt.
   # WT_MAC_CURRENT_1 miss content.



     MT7668U(USB)   Ver 3.3.7C1.C1T2
     ############################################################################
     ############################################################################
     ###########                                                       ##########
     ###########                     WLAN Facility                     ##########
     ###########               for MT7668U(USB)                        ##########
     ###########                                                       ##########
     ############################################################################
     ############################################################################
     Test Date: 2020/10/21, Test Time: 17:03:12




     Plugin Information:
     ===============================================
       TesterPlugin | Tester_Legacy.dll  | 1.0.1
     ---------------|--------------------|----------
       DutPlugin    | DutLib_MT7668U.dll | unknown
     ---------------|--------------------|----------
       CsvPlugin    | WT_Csv.dll         | 1.0.0
     ---------------|--------------------|----------
       MesPlugin    |                    | 
     ---------------|--------------------|----------
       MethodPlugin | MethodBt.dll       | 1.0.0
                    | MethodCommon.dll   | 1.0.0
                    | MethodCustom.dll   | 1.0.0
                    | MethodDut.dll      | 1.0.0
                    | MethodWifi.dll     | 1.0.0
                    | MethodZigbee.dll   | 1.0.0
     ===============================================

     Tester API Information:
     ===============================================
     WT20X T26(2.8.8.1)
     ===============================================

open lib mp819xbd.dll failed

Test Time Summary:
=====================================================================================
 No.   Item                                                        Result   TestTime 
-------------------------------------------------------------------------------------
=====================================================================================


   Error:DUT Operate Fail  Code:20010

     Total Time: 0.078 sec
     Total Result: FAIL
     #######################################################################
     ##                                                                   ##
     ##                    ########    ###     ####  ##                   ##
     ##                    ##         ## ##     ##   ##                   ##
     ##                    ##        ##   ##    ##   ##                   ##
     ##                    ######   ##     ##   ##   ##                   ##
     ##                    ##       #########   ##   ##                   ##
     ##                    ##       ##     ##   ##   ##                   ##
     ##                    ##       ##     ##  ####  ########             ##
     ##                                                                   ##
     #######################################################################
open lib mp819xbd.dll failed
open lib mp819xbd.dll failed
open lib mp819xbd.dll failed
open lib mp819xbd.dll failed
   # Please check line 71 in ./WT_SETUP//WT_MAC.txt.
   # WT_MAC_CURRENT_1 miss content.



     MT7668U(USB)   Ver 3.3.7C1.C1T2
     ############################################################################
     ############################################################################
     ###########                                                       ##########
     ###########                     WLAN Facility                     ##########
     ###########               for MT7668U(USB)                        ##########
     ###########                                                       ##########
     ############################################################################
     ############################################################################
     Test Date: 2020/10/21, Test Time: 17:03:17




     Plugin Information:
     ===============================================
       TesterPlugin | Tester_Legacy.dll  | 1.0.1
     ---------------|--------------------|----------
       DutPlugin    | DutLib_MT7668U.dll | unknown
     ---------------|--------------------|----------
       CsvPlugin    | WT_Csv.dll         | 1.0.0
     ---------------|--------------------|----------
       MesPlugin    |                    | 
     ---------------|--------------------|----------
       MethodPlugin | MethodBt.dll       | 1.0.0
                    | MethodCommon.dll   | 1.0.0
                    | MethodCustom.dll   | 1.0.0
                    | MethodDut.dll      | 1.0.0
                    | MethodWifi.dll     | 1.0.0
                    | MethodZigbee.dll   | 1.0.0
     ===============================================

     Tester API Information:
     ===============================================
     WT20X T26(2.8.8.1)
     ===============================================

open lib mp819xbd.dll failed

Test Time Summary:
=====================================================================================
 No.   Item                                                        Result   TestTime 
-------------------------------------------------------------------------------------
=====================================================================================


   Error:DUT Operate Fail  Code:20010

     Total Time: 0.078 sec
     Total Result: FAIL
     #######################################################################
     ##                                                                   ##
     ##                    ########    ###     ####  ##                   ##
     ##                    ##         ## ##     ##   ##                   ##
     ##                    ##        ##   ##    ##   ##                   ##
     ##                    ######   ##     ##   ##   ##                   ##
     ##                    ##       #########   ##   ##                   ##
     ##                    ##       ##     ##   ##   ##                   ##
     ##                    ##       ##     ##  ####  ########             ##
     ##                                                                   ##
     #######################################################################
open lib mp819xbd.dll failed
open lib mp819xbd.dll failed
open lib mp819xbd.dll failed
open lib mp819xbd.dll failed
   # Please check line 71 in ./WT_SETUP//WT_MAC.txt.
   # WT_MAC_CURRENT_1 miss content.



     MT7668U(USB)   Ver 3.3.7C1.C1T2
     ############################################################################
     ############################################################################
     ###########                                                       ##########
     ###########                     WLAN Facility                     ##########
     ###########               for MT7668U(USB)                        ##########
     ###########                                                       ##########
     ############################################################################
     ############################################################################
     Test Date: 2020/10/21, Test Time: 17:03:22




     Plugin Information:
     ===============================================
       TesterPlugin | Tester_Legacy.dll  | 1.0.1
     ---------------|--------------------|----------
       DutPlugin    | DutLib_MT7668U.dll | unknown
     ---------------|--------------------|----------
       CsvPlugin    | WT_Csv.dll         | 1.0.0
     ---------------|--------------------|----------
       MesPlugin    |                    | 
     ---------------|--------------------|----------
       MethodPlugin | MethodBt.dll       | 1.0.0
                    | MethodCommon.dll   | 1.0.0
                    | MethodCustom.dll   | 1.0.0
                    | MethodDut.dll      | 1.0.0
                    | MethodWifi.dll     | 1.0.0
                    | MethodZigbee.dll   | 1.0.0
     ===============================================

     Tester API Information:
     ===============================================
     WT20X T26(2.8.8.1)
     ===============================================

open lib mp819xbd.dll failed

Test Time Summary:
=====================================================================================
 No.   Item                                                        Result   TestTime 
-------------------------------------------------------------------------------------
=====================================================================================


   Error:DUT Operate Fail  Code:20010

     Total Time: 0.078 sec
     Total Result: FAIL
     #######################################################################
     ##                                                                   ##
     ##                    ########    ###     ####  ##                   ##
     ##                    ##         ## ##     ##   ##                   ##
     ##                    ##        ##   ##    ##   ##                   ##
     ##                    ######   ##     ##   ##   ##                   ##
     ##                    ##       #########   ##   ##                   ##
     ##                    ##       ##     ##   ##   ##                   ##
     ##                    ##       ##     ##  ####  ########             ##
     ##                                                                   ##
     #######################################################################
open lib mp819xbd.dll failed
open lib mp819xbd.dll failed
   # Please check line 71 in ./WT_SETUP//WT_MAC.txt.
   # WT_MAC_CURRENT_1 miss content.



     MT7668U(USB)   Ver 3.3.7C1.C1T2
     ############################################################################
     ############################################################################
     ###########                                                       ##########
     ###########                     WLAN Facility                     ##########
     ###########               for MT7668U(USB)                        ##########
     ###########                                                       ##########
     ############################################################################
     ############################################################################
     Test Date: 2020/10/21, Test Time: 17:03:25




     Plugin Information:
     ===============================================
       TesterPlugin | Tester_Legacy.dll  | 1.0.1
     ---------------|--------------------|----------
       DutPlugin    | DutLib_MT7668U.dll | unknown
     ---------------|--------------------|----------
       CsvPlugin    | WT_Csv.dll         | 1.0.0
     ---------------|--------------------|----------
       MesPlugin    |                    | 
     ---------------|--------------------|----------
       MethodPlugin | MethodBt.dll       | 1.0.0
                    | MethodCommon.dll   | 1.0.0
                    | MethodCustom.dll   | 1.0.0
                    | MethodDut.dll      | 1.0.0
                    | MethodWifi.dll     | 1.0.0
                    | MethodZigbee.dll   | 1.0.0
     ===============================================

     Tester API Information:
     ===============================================
     WT20X T26(2.8.8.1)
     ===============================================

open lib mp819xbd.dll failed

Test Time Summary:
=====================================================================================
 No.   Item                                                        Result   TestTime 
-------------------------------------------------------------------------------------
=====================================================================================


   Error:DUT Operate Fail  Code:20010

     Total Time: 0.078 sec
     Total Result: FAIL
     #######################################################################
     ##                                                                   ##
     ##                    ########    ###     ####  ##                   ##
     ##                    ##         ## ##     ##   ##                   ##
     ##                    ##        ##   ##    ##   ##                   ##
     ##                    ######   ##     ##   ##   ##                   ##
     ##                    ##       #########   ##   ##                   ##
     ##                    ##       ##     ##   ##   ##                   ##
     ##                    ##       ##     ##  ####  ########             ##
     ##                                                                   ##
     #######################################################################
open lib mp819xbd.dll failed
open lib mp819xbd.dll failed
   # Please check line 71 in ./WT_SETUP//WT_MAC.txt.
   # WT_MAC_CURRENT_1 miss content.



     MT7668U(USB)   Ver 3.3.7C1.C1T2
     ############################################################################
     ############################################################################
     ###########                                                       ##########
     ###########                     WLAN Facility                     ##########
     ###########               for MT7668U(USB)                        ##########
     ###########                                                       ##########
     ############################################################################
     ############################################################################
     Test Date: 2020/10/21, Test Time: 17:03:28




     Plugin Information:
     ===============================================
       TesterPlugin | Tester_Legacy.dll  | 1.0.1
     ---------------|--------------------|----------
       DutPlugin    | DutLib_MT7668U.dll | unknown
     ---------------|--------------------|----------
       CsvPlugin    | WT_Csv.dll         | 1.0.0
     ---------------|--------------------|----------
       MesPlugin    |                    | 
     ---------------|--------------------|----------
       MethodPlugin | MethodBt.dll       | 1.0.0
                    | MethodCommon.dll   | 1.0.0
                    | MethodCustom.dll   | 1.0.0
                    | MethodDut.dll      | 1.0.0
                    | MethodWifi.dll     | 1.0.0
                    | MethodZigbee.dll   | 1.0.0
     ===============================================

     Tester API Information:
     ===============================================
     WT20X T26(2.8.8.1)
     ===============================================

open lib mp819xbd.dll failed

Test Time Summary:
=====================================================================================
 No.   Item                                                        Result   TestTime 
-------------------------------------------------------------------------------------
=====================================================================================


   Error:DUT Operate Fail  Code:20010

     Total Time: 0.063 sec
     Total Result: FAIL
     #######################################################################
     ##                                                                   ##
     ##                    ########    ###     ####  ##                   ##
     ##                    ##         ## ##     ##   ##                   ##
     ##                    ##        ##   ##    ##   ##                   ##
     ##                    ######   ##     ##   ##   ##                   ##
     ##                    ##       #########   ##   ##                   ##
     ##                    ##       ##     ##   ##   ##                   ##
     ##                    ##       ##     ##  ####  ########             ##
     ##                                                                   ##
     #######################################################################
open lib mp819xbd.dll failed
open lib mp819xbd.dll failed
open lib mp819xbd.dll failed
open lib mp819xbd.dll failed
open lib mp819xbd.dll failed

     MT7668U(USB)   Ver 3.3.7C1.C1T2
     ############################################################################
     ############################################################################
     ###########                                                       ##########
     ###########                     WLAN Facility                     ##########
     ###########               for MT7668U(USB)                        ##########
     ###########                                                       ##########
     ############################################################################
     ############################################################################
     Test Date: 2020/10/21, Test Time: 17:04:57




     Plugin Information:
     ===============================================
       TesterPlugin | Tester_Legacy.dll  | 1.0.1
     ---------------|--------------------|----------
       DutPlugin    | DutLib_MT7668U.dll | unknown
     ---------------|--------------------|----------
       CsvPlugin    | WT_Csv.dll         | 1.0.0
     ---------------|--------------------|----------
       MesPlugin    |                    | 
     ---------------|--------------------|----------
       MethodPlugin | MethodBt.dll       | 1.0.0
                    | MethodCommon.dll   | 1.0.0
                    | MethodCustom.dll   | 1.0.0
                    | MethodDut.dll      | 1.0.0
                    | MethodWifi.dll     | 1.0.0
                    | MethodZigbee.dll   | 1.0.0
     ===============================================

     Tester API Information:
     ===============================================
     WT20X T26(2.8.8.1)
     ===============================================

open lib mp819xbd.dll failed

Test Time Summary:
=====================================================================================
 No.   Item                                                        Result   TestTime 
-------------------------------------------------------------------------------------
=====================================================================================


   Error:DUT Operate Fail  Code:20010

     Total Time: 0.078 sec
     Total Result: FAIL
     #######################################################################
     ##                                                                   ##
     ##                    ########    ###     ####  ##                   ##
     ##                    ##         ## ##     ##   ##                   ##
     ##                    ##        ##   ##    ##   ##                   ##
     ##                    ######   ##     ##   ##   ##                   ##
     ##                    ##       #########   ##   ##                   ##
     ##                    ##       ##     ##   ##   ##                   ##
     ##                    ##       ##     ##  ####  ########             ##
     ##                                                                   ##
     #######################################################################
open lib mp819xbd.dll failed
open lib mp819xbd.dll failed
open lib mp819xbd.dll failed
   # Please check line 71 in ./WT_SETUP//WT_MAC.txt.
   # WT_MAC_CURRENT_1 miss content.



     MT7668U(USB)   Ver 3.3.7C1.C1T2
     ############################################################################
     ############################################################################
     ###########                                                       ##########
     ###########                     WLAN Facility                     ##########
     ###########               for MT7668U(USB)                        ##########
     ###########                                                       ##########
     ############################################################################
     ############################################################################
     Test Date: 2020/10/21, Test Time: 17:05:00




     Plugin Information:
     ===============================================
       TesterPlugin | Tester_Legacy.dll  | 1.0.1
     ---------------|--------------------|----------
       DutPlugin    | DutLib_MT7668U.dll | unknown
     ---------------|--------------------|----------
       CsvPlugin    | WT_Csv.dll         | 1.0.0
     ---------------|--------------------|----------
       MesPlugin    |                    | 
     ---------------|--------------------|----------
       MethodPlugin | MethodBt.dll       | 1.0.0
                    | MethodCommon.dll   | 1.0.0
                    | MethodCustom.dll   | 1.0.0
                    | MethodDut.dll      | 1.0.0
                    | MethodWifi.dll     | 1.0.0
                    | MethodZigbee.dll   | 1.0.0
     ===============================================

     Tester API Information:
     ===============================================
     WT20X T26(2.8.8.1)
     ===============================================

open lib mp819xbd.dll failed

Test Time Summary:
=====================================================================================
 No.   Item                                                        Result   TestTime 
-------------------------------------------------------------------------------------
=====================================================================================


   Error:DUT Operate Fail  Code:20010

     Total Time: 0.078 sec
     Total Result: FAIL
     #######################################################################
     ##                                                                   ##
     ##                    ########    ###     ####  ##                   ##
     ##                    ##         ## ##     ##   ##                   ##
     ##                    ##        ##   ##    ##   ##                   ##
     ##                    ######   ##     ##   ##   ##                   ##
     ##                    ##       #########   ##   ##                   ##
     ##                    ##       ##     ##   ##   ##                   ##
     ##                    ##       ##     ##  ####  ########             ##
     ##                                                                   ##
     #######################################################################
open lib mp819xbd.dll failed
open lib mp819xbd.dll failed

     MT7668U(USB)   Ver 3.3.7C1.C1T2
     ############################################################################
     ############################################################################
     ###########                                                       ##########
     ###########                     WLAN Facility                     ##########
     ###########               for MT7668U(USB)                        ##########
     ###########                                                       ##########
     ############################################################################
     ############################################################################
     Test Date: 2020/10/21, Test Time: 17:06:29




     Plugin Information:
     ===============================================
       TesterPlugin | Tester_Legacy.dll  | 1.0.1
     ---------------|--------------------|----------
       DutPlugin    | DutLib_MT7668U.dll | unknown
     ---------------|--------------------|----------
       CsvPlugin    | WT_Csv.dll         | 1.0.0
     ---------------|--------------------|----------
       MesPlugin    |                    | 
     ---------------|--------------------|----------
       MethodPlugin | MethodBt.dll       | 1.0.0
                    | MethodCommon.dll   | 1.0.0
                    | MethodCustom.dll   | 1.0.0
                    | MethodDut.dll      | 1.0.0
                    | MethodWifi.dll     | 1.0.0
                    | MethodZigbee.dll   | 1.0.0
     ===============================================

     Tester API Information:
     ===============================================
     WT20X T26(2.8.8.1)
     ===============================================

open lib mp819xbd.dll failed

Test Time Summary:
=====================================================================================
 No.   Item                                                        Result   TestTime 
-------------------------------------------------------------------------------------
=====================================================================================


   Error:DUT Operate Fail  Code:20010

     Total Time: 0.078 sec
     Total Result: FAIL
     #######################################################################
     ##                                                                   ##
     ##                    ########    ###     ####  ##                   ##
     ##                    ##         ## ##     ##   ##                   ##
     ##                    ##        ##   ##    ##   ##                   ##
     ##                    ######   ##     ##   ##   ##                   ##
     ##                    ##       #########   ##   ##                   ##
     ##                    ##       ##     ##   ##   ##                   ##
     ##                    ##       ##     ##  ####  ########             ##
     ##                                                                   ##
     #######################################################################
open lib mp819xbd.dll failed
open lib mp819xbd.dll failed
open lib mp819xbd.dll failed
open lib mp819xbd.dll failed
open lib mp819xbd.dll failed
open lib mp819xbd.dll failed
open lib mp819xbd.dll failed
open lib mp819xbd.dll failed
open lib mp819xbd.dll failed
open lib mp819xbd.dll failed
open lib mp819xbd.dll failed
open lib mp819xbd.dll failed
open lib mp819xbd.dll failed
open lib mp819xbd.dll failed
open lib mp819xbd.dll failed
open lib mp819xbd.dll failed
open lib mp819xbd.dll failed
open lib mp819xbd.dll failed
open lib mp819xbd.dll failed
open lib mp819xbd.dll failed
open lib mp819xbd.dll failed
open lib mp819xbd.dll failed
open lib mp819xbd.dll failed
open lib mp819xbd.dll failed
open lib mp819xbd.dll failed
open lib mp819xbd.dll failed
open lib mp819xbd.dll failed
open lib mp819xbd.dll failed
open lib mp819xbd.dll failed
open lib mp819xbd.dll failed
open lib mp819xbd.dll failed
open lib mp819xbd.dll failed
open lib mp819xbd.dll failed
open lib mp819xbd.dll failed
open lib mp819xbd.dll failed
open lib mp819xbd.dll failed
open lib mp819xbd.dll failed
open lib mp819xbd.dll failed
open lib mp819xbd.dll failed
open lib mp819xbd.dll failed
open lib mp819xbd.dll failed

     MT7668U(USB)   Ver 3.3.7C1.C1T2
     ############################################################################
     ############################################################################
     ###########                                                       ##########
     ###########                     WLAN Facility                     ##########
     ###########               for MT7668U(USB)                        ##########
     ###########                                                       ##########
     ############################################################################
     ############################################################################
     Test Date: 2020/10/21, Test Time: 17:09:31




     Plugin Information:
     ===============================================
       TesterPlugin | Tester_Legacy.dll  | 1.0.1
     ---------------|--------------------|----------
       DutPlugin    | DutLib_MT7668U.dll | unknown
     ---------------|--------------------|----------
       CsvPlugin    | WT_Csv.dll         | 1.0.0
     ---------------|--------------------|----------
       MesPlugin    |                    | 
     ---------------|--------------------|----------
       MethodPlugin | MethodBt.dll       | 1.0.0
                    | MethodCommon.dll   | 1.0.0
                    | MethodCustom.dll   | 1.0.0
                    | MethodDut.dll      | 1.0.0
                    | MethodWifi.dll     | 1.0.0
                    | MethodZigbee.dll   | 1.0.0
     ===============================================

     Tester API Information:
     ===============================================
     WT20X T26(2.8.8.1)
     ===============================================

open lib mp819xbd.dll failed

Test Time Summary:
=====================================================================================
 No.   Item                                                        Result   TestTime 
-------------------------------------------------------------------------------------
=====================================================================================


   Error:DUT Operate Fail  Code:20010

     Total Time: 0.078 sec
     Total Result: FAIL
     #######################################################################
     ##                                                                   ##
     ##                    ########    ###     ####  ##                   ##
     ##                    ##         ## ##     ##   ##                   ##
     ##                    ##        ##   ##    ##   ##                   ##
     ##                    ######   ##     ##   ##   ##                   ##
     ##                    ##       #########   ##   ##                   ##
     ##                    ##       ##     ##   ##   ##                   ##
     ##                    ##       ##     ##  ####  ########             ##
     ##                                                                   ##
     #######################################################################
open lib mp819xbd.dll failed
open lib mp819xbd.dll failed
open lib mp819xbd.dll failed
open lib mp819xbd.dll failed
open lib mp819xbd.dll failed
open lib mp819xbd.dll failed
open lib mp819xbd.dll failed
open lib mp819xbd.dll failed
   # Please check line 71 in ./WT_SETUP//WT_MAC.txt.
   # WT_MAC_CURRENT_1 miss content.



     MT7668U(USB)   Ver 3.3.7C1.C1T2
     ############################################################################
     ############################################################################
     ###########                                                       ##########
     ###########                     WLAN Facility                     ##########
     ###########               for MT7668U(USB)                        ##########
     ###########                                                       ##########
     ############################################################################
     ############################################################################
     Test Date: 2020/10/21, Test Time: 17:09:39




     Plugin Information:
     ===============================================
       TesterPlugin | Tester_Legacy.dll  | 1.0.1
     ---------------|--------------------|----------
       DutPlugin    | DutLib_MT7668U.dll | unknown
     ---------------|--------------------|----------
       CsvPlugin    | WT_Csv.dll         | 1.0.0
     ---------------|--------------------|----------
       MesPlugin    |                    | 
     ---------------|--------------------|----------
       MethodPlugin | MethodBt.dll       | 1.0.0
                    | MethodCommon.dll   | 1.0.0
                    | MethodCustom.dll   | 1.0.0
                    | MethodDut.dll      | 1.0.0
                    | MethodWifi.dll     | 1.0.0
                    | MethodZigbee.dll   | 1.0.0
     ===============================================

     Tester API Information:
     ===============================================
     WT20X T26(2.8.8.1)
     ===============================================

open lib mp819xbd.dll failed

Test Time Summary:
=====================================================================================
 No.   Item                                                        Result   TestTime 
-------------------------------------------------------------------------------------
=====================================================================================


   Error:DUT Operate Fail  Code:20010

     Total Time: 0.063 sec
     Total Result: FAIL
     #######################################################################
     ##                                                                   ##
     ##                    ########    ###     ####  ##                   ##
     ##                    ##         ## ##     ##   ##                   ##
     ##                    ##        ##   ##    ##   ##                   ##
     ##                    ######   ##     ##   ##   ##                   ##
     ##                    ##       #########   ##   ##                   ##
     ##                    ##       ##     ##   ##   ##                   ##
     ##                    ##       ##     ##  ####  ########             ##
     ##                                                                   ##
     #######################################################################
open lib mp819xbd.dll failed
open lib mp819xbd.dll failed
open lib mp819xbd.dll failed
open lib mp819xbd.dll failed
   # Please check line 71 in ./WT_SETUP//WT_MAC.txt.
   # WT_MAC_CURRENT_1 miss content.



     MT7668U(USB)   Ver 3.3.7C1.C1T2
     ############################################################################
     ############################################################################
     ###########                                                       ##########
     ###########                     WLAN Facility                     ##########
     ###########               for MT7668U(USB)                        ##########
     ###########                                                       ##########
     ############################################################################
     ############################################################################
     Test Date: 2020/10/21, Test Time: 17:09:44




     Plugin Information:
     ===============================================
       TesterPlugin | Tester_Legacy.dll  | 1.0.1
     ---------------|--------------------|----------
       DutPlugin    | DutLib_MT7668U.dll | unknown
     ---------------|--------------------|----------
       CsvPlugin    | WT_Csv.dll         | 1.0.0
     ---------------|--------------------|----------
       MesPlugin    |                    | 
     ---------------|--------------------|----------
       MethodPlugin | MethodBt.dll       | 1.0.0
                    | MethodCommon.dll   | 1.0.0
                    | MethodCustom.dll   | 1.0.0
                    | MethodDut.dll      | 1.0.0
                    | MethodWifi.dll     | 1.0.0
                    | MethodZigbee.dll   | 1.0.0
     ===============================================

     Tester API Information:
     ===============================================
     WT20X T26(2.8.8.1)
     ===============================================

open lib mp819xbd.dll failed

Test Time Summary:
=====================================================================================
 No.   Item                                                        Result   TestTime 
-------------------------------------------------------------------------------------
=====================================================================================


   Error:DUT Operate Fail  Code:20010

     Total Time: 0.078 sec
     Total Result: FAIL
     #######################################################################
     ##                                                                   ##
     ##                    ########    ###     ####  ##                   ##
     ##                    ##         ## ##     ##   ##                   ##
     ##                    ##        ##   ##    ##   ##                   ##
     ##                    ######   ##     ##   ##   ##                   ##
     ##                    ##       #########   ##   ##                   ##
     ##                    ##       ##     ##   ##   ##                   ##
     ##                    ##       ##     ##  ####  ########             ##
     ##                                                                   ##
     #######################################################################
open lib mp819xbd.dll failed
open lib mp819xbd.dll failed
   # Please check line 71 in ./WT_SETUP//WT_MAC.txt.
   # WT_MAC_CURRENT_1 miss content.



     MT7668U(USB)   Ver 3.3.7C1.C1T2
     ############################################################################
     ############################################################################
     ###########                                                       ##########
     ###########                     WLAN Facility                     ##########
     ###########               for MT7668U(USB)                        ##########
     ###########                                                       ##########
     ############################################################################
     ############################################################################
     Test Date: 2020/10/21, Test Time: 17:09:46




     Plugin Information:
     ===============================================
       TesterPlugin | Tester_Legacy.dll  | 1.0.1
     ---------------|--------------------|----------
       DutPlugin    | DutLib_MT7668U.dll | unknown
     ---------------|--------------------|----------
       CsvPlugin    | WT_Csv.dll         | 1.0.0
     ---------------|--------------------|----------
       MesPlugin    |                    | 
     ---------------|--------------------|----------
       MethodPlugin | MethodBt.dll       | 1.0.0
                    | MethodCommon.dll   | 1.0.0
                    | MethodCustom.dll   | 1.0.0
                    | MethodDut.dll      | 1.0.0
                    | MethodWifi.dll     | 1.0.0
                    | MethodZigbee.dll   | 1.0.0
     ===============================================

     Tester API Information:
     ===============================================
     WT20X T26(2.8.8.1)
     ===============================================

open lib mp819xbd.dll failed

Test Time Summary:
=====================================================================================
 No.   Item                                                        Result   TestTime 
-------------------------------------------------------------------------------------
=====================================================================================


   Error:DUT Operate Fail  Code:20010

     Total Time: 0.094 sec
     Total Result: FAIL
     #######################################################################
     ##                                                                   ##
     ##                    ########    ###     ####  ##                   ##
     ##                    ##         ## ##     ##   ##                   ##
     ##                    ##        ##   ##    ##   ##                   ##
     ##                    ######   ##     ##   ##   ##                   ##
     ##                    ##       #########   ##   ##                   ##
     ##                    ##       ##     ##   ##   ##                   ##
     ##                    ##       ##     ##  ####  ########             ##
     ##                                                                   ##
     #######################################################################
   # Please check line 71 in ./WT_SETUP//WT_MAC.txt.
   # WT_MAC_CURRENT_1 miss content.



     MT7668U(USB)   Ver 3.3.7C1.C1T2
     ############################################################################
     ############################################################################
     ###########                                                       ##########
     ###########                     WLAN Facility                     ##########
     ###########               for MT7668U(USB)                        ##########
     ###########                                                       ##########
     ############################################################################
     ############################################################################
     Test Date: 2020/10/21, Test Time: 17:09:47




     Plugin Information:
     ===============================================
       TesterPlugin | Tester_Legacy.dll  | 1.0.1
     ---------------|--------------------|----------
       DutPlugin    | DutLib_MT7668U.dll | unknown
     ---------------|--------------------|----------
       CsvPlugin    | WT_Csv.dll         | 1.0.0
     ---------------|--------------------|----------
       MesPlugin    |                    | 
     ---------------|--------------------|----------
       MethodPlugin | MethodBt.dll       | 1.0.0
                    | MethodCommon.dll   | 1.0.0
                    | MethodCustom.dll   | 1.0.0
                    | MethodDut.dll      | 1.0.0
                    | MethodWifi.dll     | 1.0.0
                    | MethodZigbee.dll   | 1.0.0
     ===============================================

     Tester API Information:
     ===============================================
     WT20X T26(2.8.8.1)
     ===============================================

open lib mp819xbd.dll failed

Test Time Summary:
=====================================================================================
 No.   Item                                                        Result   TestTime 
-------------------------------------------------------------------------------------
=====================================================================================


   Error:DUT Operate Fail  Code:20010

     Total Time: 0.078 sec
     Total Result: FAIL
     #######################################################################
     ##                                                                   ##
     ##                    ########    ###     ####  ##                   ##
     ##                    ##         ## ##     ##   ##                   ##
     ##                    ##        ##   ##    ##   ##                   ##
     ##                    ######   ##     ##   ##   ##                   ##
     ##                    ##       #########   ##   ##                   ##
     ##                    ##       ##     ##   ##   ##                   ##
     ##                    ##       ##     ##  ####  ########             ##
     ##                                                                   ##
     #######################################################################
   # Please check line 71 in ./WT_SETUP//WT_MAC.txt.
   # WT_MAC_CURRENT_1 miss content.



     MT7668U(USB)   Ver 3.3.7C1.C1T2
     ############################################################################
     ############################################################################
     ###########                                                       ##########
     ###########                     WLAN Facility                     ##########
     ###########               for MT7668U(USB)                        ##########
     ###########                                                       ##########
     ############################################################################
     ############################################################################
     Test Date: 2020/10/21, Test Time: 17:09:48




     Plugin Information:
     ===============================================
       TesterPlugin | Tester_Legacy.dll  | 1.0.1
     ---------------|--------------------|----------
       DutPlugin    | DutLib_MT7668U.dll | unknown
     ---------------|--------------------|----------
       CsvPlugin    | WT_Csv.dll         | 1.0.0
     ---------------|--------------------|----------
       MesPlugin    |                    | 
     ---------------|--------------------|----------
       MethodPlugin | MethodBt.dll       | 1.0.0
                    | MethodCommon.dll   | 1.0.0
                    | MethodCustom.dll   | 1.0.0
                    | MethodDut.dll      | 1.0.0
                    | MethodWifi.dll     | 1.0.0
                    | MethodZigbee.dll   | 1.0.0
     ===============================================

     Tester API Information:
     ===============================================
     WT20X T26(2.8.8.1)
     ===============================================

open lib mp819xbd.dll failed

Test Time Summary:
=====================================================================================
 No.   Item                                                        Result   TestTime 
-------------------------------------------------------------------------------------
=====================================================================================


   Error:DUT Operate Fail  Code:20010

     Total Time: 0.078 sec
     Total Result: FAIL
     #######################################################################
     ##                                                                   ##
     ##                    ########    ###     ####  ##                   ##
     ##                    ##         ## ##     ##   ##                   ##
     ##                    ##        ##   ##    ##   ##                   ##
     ##                    ######   ##     ##   ##   ##                   ##
     ##                    ##       #########   ##   ##                   ##
     ##                    ##       ##     ##   ##   ##                   ##
     ##                    ##       ##     ##  ####  ########             ##
     ##                                                                   ##
     #######################################################################
   # Please check line 71 in ./WT_SETUP//WT_MAC.txt.
   # WT_MAC_CURRENT_1 miss content.



     MT7668U(USB)   Ver 3.3.7C1.C1T2
     ############################################################################
     ############################################################################
     ###########                                                       ##########
     ###########                     WLAN Facility                     ##########
     ###########               for MT7668U(USB)                        ##########
     ###########                                                       ##########
     ############################################################################
     ############################################################################
     Test Date: 2020/10/21, Test Time: 17:09:49




     Plugin Information:
     ===============================================
       TesterPlugin | Tester_Legacy.dll  | 1.0.1
     ---------------|--------------------|----------
       DutPlugin    | DutLib_MT7668U.dll | unknown
     ---------------|--------------------|----------
       CsvPlugin    | WT_Csv.dll         | 1.0.0
     ---------------|--------------------|----------
       MesPlugin    |                    | 
     ---------------|--------------------|----------
       MethodPlugin | MethodBt.dll       | 1.0.0
                    | MethodCommon.dll   | 1.0.0
                    | MethodCustom.dll   | 1.0.0
                    | MethodDut.dll      | 1.0.0
                    | MethodWifi.dll     | 1.0.0
                    | MethodZigbee.dll   | 1.0.0
     ===============================================

     Tester API Information:
     ===============================================
     WT20X T26(2.8.8.1)
     ===============================================

open lib mp819xbd.dll failed

Test Time Summary:
=====================================================================================
 No.   Item                                                        Result   TestTime 
-------------------------------------------------------------------------------------
=====================================================================================


   Error:DUT Operate Fail  Code:20010

     Total Time: 0.078 sec
     Total Result: FAIL
     #######################################################################
     ##                                                                   ##
     ##                    ########    ###     ####  ##                   ##
     ##                    ##         ## ##     ##   ##                   ##
     ##                    ##        ##   ##    ##   ##                   ##
     ##                    ######   ##     ##   ##   ##                   ##
     ##                    ##       #########   ##   ##                   ##
     ##                    ##       ##     ##   ##   ##                   ##
     ##                    ##       ##     ##  ####  ########             ##
     ##                                                                   ##
     #######################################################################
open lib mp819xbd.dll failed
open lib mp819xbd.dll failed
open lib mp819xbd.dll failed
open lib mp819xbd.dll failed
open lib mp819xbd.dll failed

     MT7668U(USB)   Ver 3.3.7C1.C1T2
     ############################################################################
     ############################################################################
     ###########                                                       ##########
     ###########                     WLAN Facility                     ##########
     ###########               for MT7668U(USB)                        ##########
     ###########                                                       ##########
     ############################################################################
     ############################################################################
     Test Date: 2020/10/21, Test Time: 17:14:56




     Plugin Information:
     ===============================================
       TesterPlugin | Tester_Legacy.dll  | 1.0.1
     ---------------|--------------------|----------
       DutPlugin    | DutLib_MT7668U.dll | unknown
     ---------------|--------------------|----------
       CsvPlugin    | WT_Csv.dll         | 1.0.0
     ---------------|--------------------|----------
       MesPlugin    |                    | 
     ---------------|--------------------|----------
       MethodPlugin | MethodBt.dll       | 1.0.0
                    | MethodCommon.dll   | 1.0.0
                    | MethodCustom.dll   | 1.0.0
                    | MethodDut.dll      | 1.0.0
                    | MethodWifi.dll     | 1.0.0
                    | MethodZigbee.dll   | 1.0.0
     ===============================================

     Tester API Information:
     ===============================================
     WT20X T26(2.8.8.1)
     ===============================================

open lib mp819xbd.dll failed

Test Time Summary:
=====================================================================================
 No.   Item                                                        Result   TestTime 
-------------------------------------------------------------------------------------
=====================================================================================


   Error:DUT Operate Fail  Code:20010

     Total Time: 0.078 sec
     Total Result: FAIL
     #######################################################################
     ##                                                                   ##
     ##                    ########    ###     ####  ##                   ##
     ##                    ##         ## ##     ##   ##                   ##
     ##                    ##        ##   ##    ##   ##                   ##
     ##                    ######   ##     ##   ##   ##                   ##
     ##                    ##       #########   ##   ##                   ##
     ##                    ##       ##     ##   ##   ##                   ##
     ##                    ##       ##     ##  ####  ########             ##
     ##                                                                   ##
     #######################################################################
open lib mp819xbd.dll failed
open lib mp819xbd.dll failed
open lib mp819xbd.dll failed
open lib mp819xbd.dll failed
open lib mp819xbd.dll failed
open lib mp819xbd.dll failed
open lib mp819xbd.dll failed
open lib mp819xbd.dll failed
open lib mp819xbd.dll failed
open lib mp819xbd.dll failed
open lib mp819xbd.dll failed
open lib mp819xbd.dll failed
open lib mp819xbd.dll failed
open lib mp819xbd.dll failed
open lib mp819xbd.dll failed
open lib mp819xbd.dll failed
open lib mp819xbd.dll failed
open lib mp819xbd.dll failed
open lib mp819xbd.dll failed
open lib mp819xbd.dll failed
open lib mp819xbd.dll failed
open lib mp819xbd.dll failed
open lib mp819xbd.dll failed
open lib mp819xbd.dll failed
open lib mp819xbd.dll failed
open lib mp819xbd.dll failed
open lib mp819xbd.dll failed
open lib mp819xbd.dll failed
open lib mp819xbd.dll failed
open lib mp819xbd.dll failed
open lib mp819xbd.dll failed
open lib mp819xbd.dll failed

     MT7668U(USB)   Ver 3.3.7C1.C1T2
     ############################################################################
     ############################################################################
     ###########                                                       ##########
     ###########                     WLAN Facility                     ##########
     ###########               for MT7668U(USB)                        ##########
     ###########                                                       ##########
     ############################################################################
     ############################################################################
     Test Date: 2020/10/21, Test Time: 17:17:24




     Plugin Information:
     ===============================================
       TesterPlugin | Tester_Legacy.dll  | 1.0.1
     ---------------|--------------------|----------
       DutPlugin    | DutLib_MT7668U.dll | unknown
     ---------------|--------------------|----------
       CsvPlugin    | WT_Csv.dll         | 1.0.0
     ---------------|--------------------|----------
       MesPlugin    |                    | 
     ---------------|--------------------|----------
       MethodPlugin | MethodBt.dll       | 1.0.0
                    | MethodCommon.dll   | 1.0.0
                    | MethodCustom.dll   | 1.0.0
                    | MethodDut.dll      | 1.0.0
                    | MethodWifi.dll     | 1.0.0
                    | MethodZigbee.dll   | 1.0.0
     ===============================================

     Tester API Information:
     ===============================================
     WT20X T26(2.8.8.1)
     ===============================================

open lib mp819xbd.dll failed

Test Time Summary:
=====================================================================================
 No.   Item                                                        Result   TestTime 
-------------------------------------------------------------------------------------
=====================================================================================


   Error:DUT Operate Fail  Code:20010

     Total Time: 0.078 sec
     Total Result: FAIL
     #######################################################################
     ##                                                                   ##
     ##                    ########    ###     ####  ##                   ##
     ##                    ##         ## ##     ##   ##                   ##
     ##                    ##        ##   ##    ##   ##                   ##
     ##                    ######   ##     ##   ##   ##                   ##
     ##                    ##       #########   ##   ##                   ##
     ##                    ##       ##     ##   ##   ##                   ##
     ##                    ##       ##     ##  ####  ########             ##
     ##                                                                   ##
     #######################################################################
open lib mp819xbd.dll failed
open lib mp819xbd.dll failed
open lib mp819xbd.dll failed
open lib mp819xbd.dll failed
