
     MT7668U(USB)   Ver 3.3.7C1.C1T2
     ############################################################################
     ############################################################################
     ###########                                                       ##########
     ###########                     WLAN Facility                     ##########
     ###########               for MT7668U(USB)                        ##########
     ###########                                                       ##########
     ############################################################################
     ############################################################################
     Test Date: 2020/09/30, Test Time: 17:11:53




     Plugin Information:
     ===============================================
       TesterPlugin | Tester_Legacy.dll  | 1.0.1
     ---------------|--------------------|----------
       DutPlugin    | DutLib_MT7668U.dll | unknown
     ---------------|--------------------|----------
       CsvPlugin    | WT_Csv.dll         | 1.0.0
     ---------------|--------------------|----------
       MesPlugin    |                    | 
     ---------------|--------------------|----------
       MethodPlugin | MethodBt.dll       | 1.0.0
                    | MethodCommon.dll   | 1.0.0
                    | MethodCustom.dll   | 1.0.0
                    | MethodDut.dll      | 1.0.0
                    | MethodWifi.dll     | 1.0.0
                    | MethodZigbee.dll   | 1.0.0
     ===============================================

     Tester API Information:
     ===============================================
     WT20X T26(2.8.8.1)
     ===============================================

1 .WT_CONNECT_TESTER
-------------------------------------------------------------------------------
[FAIL]->API:WT_Connect ErrorCode(1)
[FAIL]->API:WT_Connect ErrorCode(1)
[FAIL]->API:WT_Connect ErrorCode(1)
[FAIL]->API:WT_Connect ErrorCode(1)
   Connect Tester Fail!
   Can not connect to 192.168.10.254!
   Test Time: 2.67 sec



Teardown:

2 .WT_SHOW_VERIFY_SUMMARY
-------------------------------------------------------------------------------

   There is no verify test before.


   Test Time: 0.00 sec


3 .WT_DISCONNECT_TESTER
-------------------------------------------------------------------------------
   Test Time: 0.00 sec



Test Time Summary:
=====================================================================================
 No.   Item                                                        Result   TestTime 
-------------------------------------------------------------------------------------
  1  WT_CONNECT_TESTER                                              FAIL     2.67sec
  2  WT_SHOW_VERIFY_SUMMARY                                                  0.00sec
  3  WT_DISCONNECT_TESTER                                           PASS     0.00sec
=====================================================================================


   Error:Connect Tester Fail  Code:22001

     Total Time: 3.015 sec
     Total Result: FAIL
     #######################################################################
     ##                                                                   ##
     ##                    ########    ###     ####  ##                   ##
     ##                    ##         ## ##     ##   ##                   ##
     ##                    ##        ##   ##    ##   ##                   ##
     ##                    ######   ##     ##   ##   ##                   ##
     ##                    ##       #########   ##   ##                   ##
     ##                    ##       ##     ##   ##   ##                   ##
     ##                    ##       ##     ##  ####  ########             ##
     ##                                                                   ##
     #######################################################################

     MT7668U(USB)   Ver 3.3.7C1.C1T2
     ############################################################################
     ############################################################################
     ###########                                                       ##########
     ###########                     WLAN Facility                     ##########
     ###########               for MT7668U(USB)                        ##########
     ###########                                                       ##########
     ############################################################################
     ############################################################################
     Test Date: 2020/09/30, Test Time: 17:12:10




     Plugin Information:
     ===============================================
       TesterPlugin | Tester_Legacy.dll  | 1.0.1
     ---------------|--------------------|----------
       DutPlugin    | DutLib_MT7668U.dll | unknown
     ---------------|--------------------|----------
       CsvPlugin    | WT_Csv.dll         | 1.0.0
     ---------------|--------------------|----------
       MesPlugin    |                    | 
     ---------------|--------------------|----------
       MethodPlugin | MethodBt.dll       | 1.0.0
                    | MethodCommon.dll   | 1.0.0
                    | MethodCustom.dll   | 1.0.0
                    | MethodDut.dll      | 1.0.0
                    | MethodWifi.dll     | 1.0.0
                    | MethodZigbee.dll   | 1.0.0
     ===============================================

     Tester API Information:
     ===============================================
     WT20X T26(2.8.8.1)
     ===============================================

1 .WT_CONNECT_TESTER
-------------------------------------------------------------------------------
[FAIL]->API:WT_Connect ErrorCode(1)
[FAIL]->API:WT_Connect ErrorCode(1)
[FAIL]->API:WT_Connect ErrorCode(1)
[FAIL]->API:WT_Connect ErrorCode(1)
   Connect Tester Fail!
   Can not connect to 192.168.10.254!
   Test Time: 2.69 sec



Teardown:

2 .WT_SHOW_VERIFY_SUMMARY
-------------------------------------------------------------------------------

   There is no verify test before.


   Test Time: 0.00 sec


3 .WT_DISCONNECT_TESTER
-------------------------------------------------------------------------------
   Test Time: 0.00 sec



Test Time Summary:
=====================================================================================
 No.   Item                                                        Result   TestTime 
-------------------------------------------------------------------------------------
  1  WT_CONNECT_TESTER                                              FAIL     2.69sec
  2  WT_SHOW_VERIFY_SUMMARY                                                  0.00sec
  3  WT_DISCONNECT_TESTER                                           PASS     0.00sec
=====================================================================================


   Error:Connect Tester Fail  Code:22001

     Total Time: 3.047 sec
     Total Result: FAIL
     #######################################################################
     ##                                                                   ##
     ##                    ########    ###     ####  ##                   ##
     ##                    ##         ## ##     ##   ##                   ##
     ##                    ##        ##   ##    ##   ##                   ##
     ##                    ######   ##     ##   ##   ##                   ##
     ##                    ##       #########   ##   ##                   ##
     ##                    ##       ##     ##   ##   ##                   ##
     ##                    ##       ##     ##  ####  ########             ##
     ##                                                                   ##
     #######################################################################

     MT7668U(USB)   Ver 3.3.7C1.C1T2
     ############################################################################
     ############################################################################
     ###########                                                       ##########
     ###########                     WLAN Facility                     ##########
     ###########               for MT7668U(USB)                        ##########
     ###########                                                       ##########
     ############################################################################
     ############################################################################
     Test Date: 2020/09/30, Test Time: 17:14:12




     Plugin Information:
     ===============================================
       TesterPlugin | Tester_Legacy.dll  | 1.0.1
     ---------------|--------------------|----------
       DutPlugin    | DutLib_MT7668U.dll | unknown
     ---------------|--------------------|----------
       CsvPlugin    | WT_Csv.dll         | 1.0.0
     ---------------|--------------------|----------
       MesPlugin    |                    | 
     ---------------|--------------------|----------
       MethodPlugin | MethodBt.dll       | 1.0.0
                    | MethodCommon.dll   | 1.0.0
                    | MethodCustom.dll   | 1.0.0
                    | MethodDut.dll      | 1.0.0
                    | MethodWifi.dll     | 1.0.0
                    | MethodZigbee.dll   | 1.0.0
     ===============================================

     Tester API Information:
     ===============================================
     WT20X T26(2.8.8.1)
     ===============================================

1 .WT_CONNECT_TESTER
-------------------------------------------------------------------------------
[FAIL]->API:WT_Connect ErrorCode(1)
[FAIL]->API:WT_Connect ErrorCode(1)
[FAIL]->API:WT_Connect ErrorCode(1)
[FAIL]->API:WT_Connect ErrorCode(1)
   Connect Tester Fail!
   Can not connect to 192.168.10.254!
   Test Time: 2.69 sec



Teardown:

2 .WT_SHOW_VERIFY_SUMMARY
-------------------------------------------------------------------------------

   There is no verify test before.


   Test Time: 0.00 sec


3 .WT_DISCONNECT_TESTER
-------------------------------------------------------------------------------
   Test Time: 0.02 sec



Test Time Summary:
=====================================================================================
 No.   Item                                                        Result   TestTime 
-------------------------------------------------------------------------------------
  1  WT_CONNECT_TESTER                                              FAIL     2.69sec
  2  WT_SHOW_VERIFY_SUMMARY                                                  0.00sec
  3  WT_DISCONNECT_TESTER                                           PASS     0.02sec
=====================================================================================


   Error:Connect Tester Fail  Code:22001

     Total Time: 3.062 sec
     Total Result: FAIL
     #######################################################################
     ##                                                                   ##
     ##                    ########    ###     ####  ##                   ##
     ##                    ##         ## ##     ##   ##                   ##
     ##                    ##        ##   ##    ##   ##                   ##
     ##                    ######   ##     ##   ##   ##                   ##
     ##                    ##       #########   ##   ##                   ##
     ##                    ##       ##     ##   ##   ##                   ##
     ##                    ##       ##     ##  ####  ########             ##
     ##                                                                   ##
     #######################################################################

     MT7668U(USB)   Ver 3.3.7C1.C1T2
     ############################################################################
     ############################################################################
     ###########                                                       ##########
     ###########                     WLAN Facility                     ##########
     ###########               for MT7668U(USB)                        ##########
     ###########                                                       ##########
     ############################################################################
     ############################################################################
     Test Date: 2020/09/30, Test Time: 17:15:21




     Plugin Information:
     ===============================================
       TesterPlugin | Tester_Legacy.dll  | 1.0.1
     ---------------|--------------------|----------
       DutPlugin    | DutLib_MT7668U.dll | unknown
     ---------------|--------------------|----------
       CsvPlugin    | WT_Csv.dll         | 1.0.0
     ---------------|--------------------|----------
       MesPlugin    |                    | 
     ---------------|--------------------|----------
       MethodPlugin | MethodBt.dll       | 1.0.0
                    | MethodCommon.dll   | 1.0.0
                    | MethodCustom.dll   | 1.0.0
                    | MethodDut.dll      | 1.0.0
                    | MethodWifi.dll     | 1.0.0
                    | MethodZigbee.dll   | 1.0.0
     ===============================================

     Tester API Information:
     ===============================================
     WT20X T26(2.8.8.1)
     ===============================================

1 .WT_CONNECT_TESTER
-------------------------------------------------------------------------------
[FAIL]->API:WT_Connect ErrorCode(1)
[FAIL]->API:WT_Connect ErrorCode(1)
[FAIL]->API:WT_Connect ErrorCode(1)
[FAIL]->API:WT_Connect ErrorCode(1)
   Connect Tester Fail!
   Can not connect to 192.168.10.254!
   Test Time: 2.69 sec



Teardown:

2 .WT_SHOW_VERIFY_SUMMARY
-------------------------------------------------------------------------------

   There is no verify test before.


   Test Time: 0.01 sec


3 .WT_DISCONNECT_TESTER
-------------------------------------------------------------------------------
   Test Time: 0.02 sec



Test Time Summary:
=====================================================================================
 No.   Item                                                        Result   TestTime 
-------------------------------------------------------------------------------------
  1  WT_CONNECT_TESTER                                              FAIL     2.69sec
  2  WT_SHOW_VERIFY_SUMMARY                                                  0.01sec
  3  WT_DISCONNECT_TESTER                                           PASS     0.02sec
=====================================================================================


   Error:Connect Tester Fail  Code:22001

     Total Time: 3.047 sec
     Total Result: FAIL
     #######################################################################
     ##                                                                   ##
     ##                    ########    ###     ####  ##                   ##
     ##                    ##         ## ##     ##   ##                   ##
     ##                    ##        ##   ##    ##   ##                   ##
     ##                    ######   ##     ##   ##   ##                   ##
     ##                    ##       #########   ##   ##                   ##
     ##                    ##       ##     ##   ##   ##                   ##
     ##                    ##       ##     ##  ####  ########             ##
     ##                                                                   ##
     #######################################################################

     MT7668U(USB)   Ver 3.3.7C1.C1T2
     ############################################################################
     ############################################################################
     ###########                                                       ##########
     ###########                     WLAN Facility                     ##########
     ###########               for MT7668U(USB)                        ##########
     ###########                                                       ##########
     ############################################################################
     ############################################################################
     Test Date: 2020/09/30, Test Time: 17:16:26




     Plugin Information:
     ===============================================
       TesterPlugin | Tester_Legacy.dll  | 1.0.1
     ---------------|--------------------|----------
       DutPlugin    | DutLib_MT7668U.dll | unknown
     ---------------|--------------------|----------
       CsvPlugin    | WT_Csv.dll         | 1.0.0
     ---------------|--------------------|----------
       MesPlugin    |                    | 
     ---------------|--------------------|----------
       MethodPlugin | MethodBt.dll       | 1.0.0
                    | MethodCommon.dll   | 1.0.0
                    | MethodCustom.dll   | 1.0.0
                    | MethodDut.dll      | 1.0.0
                    | MethodWifi.dll     | 1.0.0
                    | MethodZigbee.dll   | 1.0.0
     ===============================================

     Tester API Information:
     ===============================================
     WT20X T26(2.8.8.1)
     ===============================================

1 .WT_CONNECT_TESTER
-------------------------------------------------------------------------------
[FAIL]->API:WT_Connect ErrorCode(1)
[FAIL]->API:WT_Connect ErrorCode(1)
[FAIL]->API:WT_Connect ErrorCode(1)
[FAIL]->API:WT_Connect ErrorCode(1)
   Connect Tester Fail!
   Can not connect to 192.168.10.254!
   Test Time: 2.69 sec



Teardown:

2 .WT_SHOW_VERIFY_SUMMARY
-------------------------------------------------------------------------------

   There is no verify test before.


   Test Time: 0.01 sec


3 .WT_DISCONNECT_TESTER
-------------------------------------------------------------------------------
   Test Time: 0.02 sec



Test Time Summary:
=====================================================================================
 No.   Item                                                        Result   TestTime 
-------------------------------------------------------------------------------------
  1  WT_CONNECT_TESTER                                              FAIL     2.69sec
  2  WT_SHOW_VERIFY_SUMMARY                                                  0.01sec
  3  WT_DISCONNECT_TESTER                                           PASS     0.02sec
=====================================================================================


   Error:Connect Tester Fail  Code:22001

     Total Time: 3.062 sec
     Total Result: FAIL
     #######################################################################
     ##                                                                   ##
     ##                    ########    ###     ####  ##                   ##
     ##                    ##         ## ##     ##   ##                   ##
     ##                    ##        ##   ##    ##   ##                   ##
     ##                    ######   ##     ##   ##   ##                   ##
     ##                    ##       #########   ##   ##                   ##
     ##                    ##       ##     ##   ##   ##                   ##
     ##                    ##       ##     ##  ####  ########             ##
     ##                                                                   ##
     #######################################################################

     MT7668U(USB)   Ver 3.3.7C1.C1T2
     ############################################################################
     ############################################################################
     ###########                                                       ##########
     ###########                     WLAN Facility                     ##########
     ###########               for MT7668U(USB)                        ##########
     ###########                                                       ##########
     ############################################################################
     ############################################################################
     Test Date: 2020/09/30, Test Time: 17:17:10




     Plugin Information:
     ===============================================
       TesterPlugin | Tester_Legacy.dll  | 1.0.1
     ---------------|--------------------|----------
       DutPlugin    | DutLib_MT7668U.dll | unknown
     ---------------|--------------------|----------
       CsvPlugin    | WT_Csv.dll         | 1.0.0
     ---------------|--------------------|----------
       MesPlugin    |                    | 
     ---------------|--------------------|----------
       MethodPlugin | MethodBt.dll       | 1.0.0
                    | MethodCommon.dll   | 1.0.0
                    | MethodCustom.dll   | 1.0.0
                    | MethodDut.dll      | 1.0.0
                    | MethodWifi.dll     | 1.0.0
                    | MethodZigbee.dll   | 1.0.0
     ===============================================

     Tester API Information:
     ===============================================
     WT20X T26(2.8.8.1)
     ===============================================

1 .WT_CONNECT_TESTER
-------------------------------------------------------------------------------
[FAIL]->API:WT_Connect ErrorCode(1)
[FAIL]->API:WT_Connect ErrorCode(1)
[FAIL]->API:WT_Connect ErrorCode(1)
[FAIL]->API:WT_Connect ErrorCode(1)
   Connect Tester Fail!
   Can not connect to 192.168.10.254!
   Test Time: 2.69 sec



Teardown:

2 .WT_SHOW_VERIFY_SUMMARY
-------------------------------------------------------------------------------

   There is no verify test before.


   Test Time: 0.00 sec


3 .WT_DISCONNECT_TESTER
-------------------------------------------------------------------------------
   Test Time: 0.00 sec



Test Time Summary:
=====================================================================================
 No.   Item                                                        Result   TestTime 
-------------------------------------------------------------------------------------
  1  WT_CONNECT_TESTER                                              FAIL     2.69sec
  2  WT_SHOW_VERIFY_SUMMARY                                                  0.00sec
  3  WT_DISCONNECT_TESTER                                           PASS     0.00sec
=====================================================================================


   Error:Connect Tester Fail  Code:22001

     Total Time: 3.062 sec
     Total Result: FAIL
     #######################################################################
     ##                                                                   ##
     ##                    ########    ###     ####  ##                   ##
     ##                    ##         ## ##     ##   ##                   ##
     ##                    ##        ##   ##    ##   ##                   ##
     ##                    ######   ##     ##   ##   ##                   ##
     ##                    ##       #########   ##   ##                   ##
     ##                    ##       ##     ##   ##   ##                   ##
     ##                    ##       ##     ##  ####  ########             ##
     ##                                                                   ##
     #######################################################################

     MT7668U(USB)   Ver 3.3.7C1.C1T2
     ############################################################################
     ############################################################################
     ###########                                                       ##########
     ###########                     WLAN Facility                     ##########
     ###########               for MT7668U(USB)                        ##########
     ###########                                                       ##########
     ############################################################################
     ############################################################################
     Test Date: 2020/09/30, Test Time: 17:18:07




     Plugin Information:
     ===============================================
       TesterPlugin | Tester_Legacy.dll  | 1.0.1
     ---------------|--------------------|----------
       DutPlugin    | DutLib_MT7668U.dll | unknown
     ---------------|--------------------|----------
       CsvPlugin    | WT_Csv.dll         | 1.0.0
     ---------------|--------------------|----------
       MesPlugin    |                    | 
     ---------------|--------------------|----------
       MethodPlugin | MethodBt.dll       | 1.0.0
                    | MethodCommon.dll   | 1.0.0
                    | MethodCustom.dll   | 1.0.0
                    | MethodDut.dll      | 1.0.0
                    | MethodWifi.dll     | 1.0.0
                    | MethodZigbee.dll   | 1.0.0
     ===============================================

     Tester API Information:
     ===============================================
     WT20X T26(2.8.8.1)
     ===============================================

1 .WT_CONNECT_TESTER
-------------------------------------------------------------------------------
[FAIL]->API:WT_Connect ErrorCode(1)
[FAIL]->API:WT_Connect ErrorCode(1)
[FAIL]->API:WT_Connect ErrorCode(1)
[FAIL]->API:WT_Connect ErrorCode(1)
   Connect Tester Fail!
   Can not connect to 192.168.10.254!
   Test Time: 2.69 sec



Teardown:

2 .WT_SHOW_VERIFY_SUMMARY
-------------------------------------------------------------------------------

   There is no verify test before.


   Test Time: 0.02 sec


3 .WT_DISCONNECT_TESTER
-------------------------------------------------------------------------------
   Test Time: 0.00 sec



Test Time Summary:
=====================================================================================
 No.   Item                                                        Result   TestTime 
-------------------------------------------------------------------------------------
  1  WT_CONNECT_TESTER                                              FAIL     2.69sec
  2  WT_SHOW_VERIFY_SUMMARY                                                  0.02sec
  3  WT_DISCONNECT_TESTER                                           PASS     0.00sec
=====================================================================================


   Error:Connect Tester Fail  Code:22001

     Total Time: 3.094 sec
     Total Result: FAIL
     #######################################################################
     ##                                                                   ##
     ##                    ########    ###     ####  ##                   ##
     ##                    ##         ## ##     ##   ##                   ##
     ##                    ##        ##   ##    ##   ##                   ##
     ##                    ######   ##     ##   ##   ##                   ##
     ##                    ##       #########   ##   ##                   ##
     ##                    ##       ##     ##   ##   ##                   ##
     ##                    ##       ##     ##  ####  ########             ##
     ##                                                                   ##
     #######################################################################

     MT7668U(USB)   Ver 3.3.7C1.C1T2
     ############################################################################
     ############################################################################
     ###########                                                       ##########
     ###########                     WLAN Facility                     ##########
     ###########               for MT7668U(USB)                        ##########
     ###########                                                       ##########
     ############################################################################
     ############################################################################
     Test Date: 2020/09/30, Test Time: 17:18:31




     Plugin Information:
     ===============================================
       TesterPlugin | Tester_Legacy.dll  | 1.0.1
     ---------------|--------------------|----------
       DutPlugin    | DutLib_MT7668U.dll | unknown
     ---------------|--------------------|----------
       CsvPlugin    | WT_Csv.dll         | 1.0.0
     ---------------|--------------------|----------
       MesPlugin    |                    | 
     ---------------|--------------------|----------
       MethodPlugin | MethodBt.dll       | 1.0.0
                    | MethodCommon.dll   | 1.0.0
                    | MethodCustom.dll   | 1.0.0
                    | MethodDut.dll      | 1.0.0
                    | MethodWifi.dll     | 1.0.0
                    | MethodZigbee.dll   | 1.0.0
     ===============================================

     Tester API Information:
     ===============================================
     WT20X T26(2.8.8.1)
     ===============================================

1 .WT_CONNECT_TESTER
-------------------------------------------------------------------------------
[FAIL]->API:WT_Connect ErrorCode(1)
[FAIL]->API:WT_Connect ErrorCode(1)
[FAIL]->API:WT_Connect ErrorCode(1)
[FAIL]->API:WT_Connect ErrorCode(1)
   Connect Tester Fail!
   Can not connect to 192.168.10.254!
   Test Time: 2.69 sec



Teardown:

2 .WT_SHOW_VERIFY_SUMMARY
-------------------------------------------------------------------------------

   There is no verify test before.


   Test Time: 0.01 sec


3 .WT_DISCONNECT_TESTER
-------------------------------------------------------------------------------
   Test Time: 0.00 sec



Test Time Summary:
=====================================================================================
 No.   Item                                                        Result   TestTime 
-------------------------------------------------------------------------------------
  1  WT_CONNECT_TESTER                                              FAIL     2.69sec
  2  WT_SHOW_VERIFY_SUMMARY                                                  0.01sec
  3  WT_DISCONNECT_TESTER                                           PASS     0.00sec
=====================================================================================


   Error:Connect Tester Fail  Code:22001

     Total Time: 3.063 sec
     Total Result: FAIL
     #######################################################################
     ##                                                                   ##
     ##                    ########    ###     ####  ##                   ##
     ##                    ##         ## ##     ##   ##                   ##
     ##                    ##        ##   ##    ##   ##                   ##
     ##                    ######   ##     ##   ##   ##                   ##
     ##                    ##       #########   ##   ##                   ##
     ##                    ##       ##     ##   ##   ##                   ##
     ##                    ##       ##     ##  ####  ########             ##
     ##                                                                   ##
     #######################################################################

     MT7668U(USB)   Ver 3.3.7C1.C1T2
     ############################################################################
     ############################################################################
     ###########                                                       ##########
     ###########                     WLAN Facility                     ##########
     ###########               for MT7668U(USB)                        ##########
     ###########                                                       ##########
     ############################################################################
     ############################################################################
     Test Date: 2020/09/30, Test Time: 17:19:33




     Plugin Information:
     ===============================================
       TesterPlugin | Tester_Legacy.dll  | 1.0.1
     ---------------|--------------------|----------
       DutPlugin    | DutLib_MT7668U.dll | unknown
     ---------------|--------------------|----------
       CsvPlugin    | WT_Csv.dll         | 1.0.0
     ---------------|--------------------|----------
       MesPlugin    |                    | 
     ---------------|--------------------|----------
       MethodPlugin | MethodBt.dll       | 1.0.0
                    | MethodCommon.dll   | 1.0.0
                    | MethodCustom.dll   | 1.0.0
                    | MethodDut.dll      | 1.0.0
                    | MethodWifi.dll     | 1.0.0
                    | MethodZigbee.dll   | 1.0.0
     ===============================================

     Tester API Information:
     ===============================================
     WT20X T26(2.8.8.1)
     ===============================================

1 .WT_CONNECT_TESTER
-------------------------------------------------------------------------------
[FAIL]->API:WT_Connect ErrorCode(1)
[FAIL]->API:WT_Connect ErrorCode(1)
[FAIL]->API:WT_Connect ErrorCode(1)
[FAIL]->API:WT_Connect ErrorCode(1)
   Connect Tester Fail!
   Can not connect to 192.168.10.254!
   Test Time: 2.73 sec



Teardown:

2 .WT_SHOW_VERIFY_SUMMARY
-------------------------------------------------------------------------------

   There is no verify test before.


   Test Time: 0.01 sec


3 .WT_DISCONNECT_TESTER
-------------------------------------------------------------------------------
   Test Time: 0.00 sec



Test Time Summary:
=====================================================================================
 No.   Item                                                        Result   TestTime 
-------------------------------------------------------------------------------------
  1  WT_CONNECT_TESTER                                              FAIL     2.73sec
  2  WT_SHOW_VERIFY_SUMMARY                                                  0.01sec
  3  WT_DISCONNECT_TESTER                                           PASS     0.00sec
=====================================================================================


   Error:Connect Tester Fail  Code:22001

     Total Time: 3.422 sec
     Total Result: FAIL
     #######################################################################
     ##                                                                   ##
     ##                    ########    ###     ####  ##                   ##
     ##                    ##         ## ##     ##   ##                   ##
     ##                    ##        ##   ##    ##   ##                   ##
     ##                    ######   ##     ##   ##   ##                   ##
     ##                    ##       #########   ##   ##                   ##
     ##                    ##       ##     ##   ##   ##                   ##
     ##                    ##       ##     ##  ####  ########             ##
     ##                                                                   ##
     #######################################################################

     MT7668U(USB)   Ver 3.3.7C1.C1T2
     ############################################################################
     ############################################################################
     ###########                                                       ##########
     ###########                     WLAN Facility                     ##########
     ###########               for MT7668U(USB)                        ##########
     ###########                                                       ##########
     ############################################################################
     ############################################################################
     Test Date: 2020/09/30, Test Time: 17:19:56




     Plugin Information:
     ===============================================
       TesterPlugin | Tester_Legacy.dll  | 1.0.1
     ---------------|--------------------|----------
       DutPlugin    | DutLib_MT7668U.dll | unknown
     ---------------|--------------------|----------
       CsvPlugin    | WT_Csv.dll         | 1.0.0
     ---------------|--------------------|----------
       MesPlugin    |                    | 
     ---------------|--------------------|----------
       MethodPlugin | MethodBt.dll       | 1.0.0
                    | MethodCommon.dll   | 1.0.0
                    | MethodCustom.dll   | 1.0.0
                    | MethodDut.dll      | 1.0.0
                    | MethodWifi.dll     | 1.0.0
                    | MethodZigbee.dll   | 1.0.0
     ===============================================

     Tester API Information:
     ===============================================
     WT20X T26(2.8.8.1)
     ===============================================

1 .WT_CONNECT_TESTER
-------------------------------------------------------------------------------
[FAIL]->API:WT_Connect ErrorCode(1)
[FAIL]->API:WT_Connect ErrorCode(1)
[FAIL]->API:WT_Connect ErrorCode(1)
[FAIL]->API:WT_Connect ErrorCode(1)
   Connect Tester Fail!
   Can not connect to 192.168.10.254!
   Test Time: 2.69 sec



Teardown:

2 .WT_SHOW_VERIFY_SUMMARY
-------------------------------------------------------------------------------

   There is no verify test before.


   Test Time: 0.01 sec


3 .WT_DISCONNECT_TESTER
-------------------------------------------------------------------------------
   Test Time: 0.02 sec



Test Time Summary:
=====================================================================================
 No.   Item                                                        Result   TestTime 
-------------------------------------------------------------------------------------
  1  WT_CONNECT_TESTER                                              FAIL     2.69sec
  2  WT_SHOW_VERIFY_SUMMARY                                                  0.01sec
  3  WT_DISCONNECT_TESTER                                           PASS     0.02sec
=====================================================================================


   Error:Connect Tester Fail  Code:22001

     Total Time: 3.063 sec
     Total Result: FAIL
     #######################################################################
     ##                                                                   ##
     ##                    ########    ###     ####  ##                   ##
     ##                    ##         ## ##     ##   ##                   ##
     ##                    ##        ##   ##    ##   ##                   ##
     ##                    ######   ##     ##   ##   ##                   ##
     ##                    ##       #########   ##   ##                   ##
     ##                    ##       ##     ##   ##   ##                   ##
     ##                    ##       ##     ##  ####  ########             ##
     ##                                                                   ##
     #######################################################################

     MT7668U(USB)   Ver 3.3.7C1.C1T2
     ############################################################################
     ############################################################################
     ###########                                                       ##########
     ###########                     WLAN Facility                     ##########
     ###########               for MT7668U(USB)                        ##########
     ###########                                                       ##########
     ############################################################################
     ############################################################################
     Test Date: 2020/09/30, Test Time: 17:20:58




     Plugin Information:
     ===============================================
       TesterPlugin | Tester_Legacy.dll  | 1.0.1
     ---------------|--------------------|----------
       DutPlugin    | DutLib_MT7668U.dll | unknown
     ---------------|--------------------|----------
       CsvPlugin    | WT_Csv.dll         | 1.0.0
     ---------------|--------------------|----------
       MesPlugin    |                    | 
     ---------------|--------------------|----------
       MethodPlugin | MethodBt.dll       | 1.0.0
                    | MethodCommon.dll   | 1.0.0
                    | MethodCustom.dll   | 1.0.0
                    | MethodDut.dll      | 1.0.0
                    | MethodWifi.dll     | 1.0.0
                    | MethodZigbee.dll   | 1.0.0
     ===============================================

     Tester API Information:
     ===============================================
     WT20X T26(2.8.8.1)
     ===============================================

1 .WT_CONNECT_TESTER
-------------------------------------------------------------------------------
[FAIL]->API:WT_Connect ErrorCode(1)
[FAIL]->API:WT_Connect ErrorCode(1)
[FAIL]->API:WT_Connect ErrorCode(1)
[FAIL]->API:WT_Connect ErrorCode(1)
   Connect Tester Fail!
   Can not connect to 192.168.10.254!
   Test Time: 2.73 sec



Teardown:

2 .WT_SHOW_VERIFY_SUMMARY
-------------------------------------------------------------------------------

   There is no verify test before.


   Test Time: 0.02 sec


3 .WT_DISCONNECT_TESTER
-------------------------------------------------------------------------------
   Test Time: 0.00 sec



Test Time Summary:
=====================================================================================
 No.   Item                                                        Result   TestTime 
-------------------------------------------------------------------------------------
  1  WT_CONNECT_TESTER                                              FAIL     2.73sec
  2  WT_SHOW_VERIFY_SUMMARY                                                  0.02sec
  3  WT_DISCONNECT_TESTER                                           PASS     0.00sec
=====================================================================================


   Error:Connect Tester Fail  Code:22001

     Total Time: 3.203 sec
     Total Result: FAIL
     #######################################################################
     ##                                                                   ##
     ##                    ########    ###     ####  ##                   ##
     ##                    ##         ## ##     ##   ##                   ##
     ##                    ##        ##   ##    ##   ##                   ##
     ##                    ######   ##     ##   ##   ##                   ##
     ##                    ##       #########   ##   ##                   ##
     ##                    ##       ##     ##   ##   ##                   ##
     ##                    ##       ##     ##  ####  ########             ##
     ##                                                                   ##
     #######################################################################

     MT7668U(USB)   Ver 3.3.7C1.C1T2
     ############################################################################
     ############################################################################
     ###########                                                       ##########
     ###########                     WLAN Facility                     ##########
     ###########               for MT7668U(USB)                        ##########
     ###########                                                       ##########
     ############################################################################
     ############################################################################
     Test Date: 2020/09/30, Test Time: 17:21:27




     Plugin Information:
     ===============================================
       TesterPlugin | Tester_Legacy.dll  | 1.0.1
     ---------------|--------------------|----------
       DutPlugin    | DutLib_MT7668U.dll | unknown
     ---------------|--------------------|----------
       CsvPlugin    | WT_Csv.dll         | 1.0.0
     ---------------|--------------------|----------
       MesPlugin    |                    | 
     ---------------|--------------------|----------
       MethodPlugin | MethodBt.dll       | 1.0.0
                    | MethodCommon.dll   | 1.0.0
                    | MethodCustom.dll   | 1.0.0
                    | MethodDut.dll      | 1.0.0
                    | MethodWifi.dll     | 1.0.0
                    | MethodZigbee.dll   | 1.0.0
     ===============================================

     Tester API Information:
     ===============================================
     WT20X T26(2.8.8.1)
     ===============================================

1 .WT_CONNECT_TESTER
-------------------------------------------------------------------------------
[FAIL]->API:WT_Connect ErrorCode(1)
[FAIL]->API:WT_Connect ErrorCode(1)
[FAIL]->API:WT_Connect ErrorCode(1)
[FAIL]->API:WT_Connect ErrorCode(1)
   Connect Tester Fail!
   Can not connect to 192.168.10.254!
   Test Time: 2.73 sec



Teardown:

2 .WT_SHOW_VERIFY_SUMMARY
-------------------------------------------------------------------------------

   There is no verify test before.


   Test Time: 0.02 sec


3 .WT_DISCONNECT_TESTER
-------------------------------------------------------------------------------
   Test Time: 0.02 sec



Test Time Summary:
=====================================================================================
 No.   Item                                                        Result   TestTime 
-------------------------------------------------------------------------------------
  1  WT_CONNECT_TESTER                                              FAIL     2.73sec
  2  WT_SHOW_VERIFY_SUMMARY                                                  0.02sec
  3  WT_DISCONNECT_TESTER                                           PASS     0.02sec
=====================================================================================


   Error:Connect Tester Fail  Code:22001

     Total Time: 3.156 sec
     Total Result: FAIL
     #######################################################################
     ##                                                                   ##
     ##                    ########    ###     ####  ##                   ##
     ##                    ##         ## ##     ##   ##                   ##
     ##                    ##        ##   ##    ##   ##                   ##
     ##                    ######   ##     ##   ##   ##                   ##
     ##                    ##       #########   ##   ##                   ##
     ##                    ##       ##     ##   ##   ##                   ##
     ##                    ##       ##     ##  ####  ########             ##
     ##                                                                   ##
     #######################################################################

     MT7668U(USB)   Ver 3.3.7C1.C1T2
     ############################################################################
     ############################################################################
     ###########                                                       ##########
     ###########                     WLAN Facility                     ##########
     ###########               for MT7668U(USB)                        ##########
     ###########                                                       ##########
     ############################################################################
     ############################################################################
     Test Date: 2020/09/30, Test Time: 17:26:40




     Plugin Information:
     ===============================================
       TesterPlugin | Tester_Legacy.dll  | 1.0.1
     ---------------|--------------------|----------
       DutPlugin    | DutLib_MT7668U.dll | unknown
     ---------------|--------------------|----------
       CsvPlugin    | WT_Csv.dll         | 1.0.0
     ---------------|--------------------|----------
       MesPlugin    |                    | 
     ---------------|--------------------|----------
       MethodPlugin | MethodBt.dll       | 1.0.0
                    | MethodCommon.dll   | 1.0.0
                    | MethodCustom.dll   | 1.0.0
                    | MethodDut.dll      | 1.0.0
                    | MethodWifi.dll     | 1.0.0
                    | MethodZigbee.dll   | 1.0.0
     ===============================================

     Tester API Information:
     ===============================================
     WT20X T26(2.8.8.1)
     ===============================================

1 .WT_CONNECT_TESTER
-------------------------------------------------------------------------------
[FAIL]->API:WT_Connect ErrorCode(1)
[FAIL]->API:WT_Connect ErrorCode(1)
[FAIL]->API:WT_Connect ErrorCode(1)
[FAIL]->API:WT_Connect ErrorCode(1)
   Connect Tester Fail!
   Can not connect to 192.168.10.254!
   Test Time: 2.70 sec



Teardown:

2 .WT_SHOW_VERIFY_SUMMARY
-------------------------------------------------------------------------------

   There is no verify test before.


   Test Time: 0.02 sec


3 .WT_DISCONNECT_TESTER
-------------------------------------------------------------------------------
   Test Time: 0.00 sec



Test Time Summary:
=====================================================================================
 No.   Item                                                        Result   TestTime 
-------------------------------------------------------------------------------------
  1  WT_CONNECT_TESTER                                              FAIL     2.70sec
  2  WT_SHOW_VERIFY_SUMMARY                                                  0.02sec
  3  WT_DISCONNECT_TESTER                                           PASS     0.00sec
=====================================================================================


   Error:Connect Tester Fail  Code:22001

     Total Time: 3.109 sec
     Total Result: FAIL
     #######################################################################
     ##                                                                   ##
     ##                    ########    ###     ####  ##                   ##
     ##                    ##         ## ##     ##   ##                   ##
     ##                    ##        ##   ##    ##   ##                   ##
     ##                    ######   ##     ##   ##   ##                   ##
     ##                    ##       #########   ##   ##                   ##
     ##                    ##       ##     ##   ##   ##                   ##
     ##                    ##       ##     ##  ####  ########             ##
     ##                                                                   ##
     #######################################################################

     MT7668U(USB)   Ver 3.3.7C1.C1T2
     ############################################################################
     ############################################################################
     ###########                                                       ##########
     ###########                     WLAN Facility                     ##########
     ###########               for MT7668U(USB)                        ##########
     ###########                                                       ##########
     ############################################################################
     ############################################################################
     Test Date: 2020/09/30, Test Time: 17:28:07




     Plugin Information:
     ===============================================
       TesterPlugin | Tester_Legacy.dll  | 1.0.1
     ---------------|--------------------|----------
       DutPlugin    | DutLib_MT7668U.dll | unknown
     ---------------|--------------------|----------
       CsvPlugin    | WT_Csv.dll         | 1.0.0
     ---------------|--------------------|----------
       MesPlugin    |                    | 
     ---------------|--------------------|----------
       MethodPlugin | MethodBt.dll       | 1.0.0
                    | MethodCommon.dll   | 1.0.0
                    | MethodCustom.dll   | 1.0.0
                    | MethodDut.dll      | 1.0.0
                    | MethodWifi.dll     | 1.0.0
                    | MethodZigbee.dll   | 1.0.0
     ===============================================

     Tester API Information:
     ===============================================
     WT20X T26(2.8.8.1)
     ===============================================

1 .WT_CONNECT_TESTER
-------------------------------------------------------------------------------
[FAIL]->API:WT_Connect ErrorCode(1)
[FAIL]->API:WT_Connect ErrorCode(1)
[FAIL]->API:WT_Connect ErrorCode(1)
[FAIL]->API:WT_Connect ErrorCode(1)
   Connect Tester Fail!
   Can not connect to 192.168.10.254!
   Test Time: 2.70 sec



Teardown:

2 .WT_SHOW_VERIFY_SUMMARY
-------------------------------------------------------------------------------

   There is no verify test before.


   Test Time: 0.00 sec


3 .WT_DISCONNECT_TESTER
-------------------------------------------------------------------------------
   Test Time: 0.00 sec



Test Time Summary:
=====================================================================================
 No.   Item                                                        Result   TestTime 
-------------------------------------------------------------------------------------
  1  WT_CONNECT_TESTER                                              FAIL     2.70sec
  2  WT_SHOW_VERIFY_SUMMARY                                                  0.00sec
  3  WT_DISCONNECT_TESTER                                           PASS     0.00sec
=====================================================================================


   Error:Connect Tester Fail  Code:22001

     Total Time: 3.109 sec
     Total Result: FAIL
     #######################################################################
     ##                                                                   ##
     ##                    ########    ###     ####  ##                   ##
     ##                    ##         ## ##     ##   ##                   ##
     ##                    ##        ##   ##    ##   ##                   ##
     ##                    ######   ##     ##   ##   ##                   ##
     ##                    ##       #########   ##   ##                   ##
     ##                    ##       ##     ##   ##   ##                   ##
     ##                    ##       ##     ##  ####  ########             ##
     ##                                                                   ##
     #######################################################################

     MT7668U(USB)   Ver 3.3.7C1.C1T2
     ############################################################################
     ############################################################################
     ###########                                                       ##########
     ###########                     WLAN Facility                     ##########
     ###########               for MT7668U(USB)                        ##########
     ###########                                                       ##########
     ############################################################################
     ############################################################################
     Test Date: 2020/09/30, Test Time: 17:31:20




     Plugin Information:
     ===============================================
       TesterPlugin | Tester_Legacy.dll  | 1.0.1
     ---------------|--------------------|----------
       DutPlugin    | DutLib_MT7668U.dll | unknown
     ---------------|--------------------|----------
       CsvPlugin    | WT_Csv.dll         | 1.0.0
     ---------------|--------------------|----------
       MesPlugin    |                    | 
     ---------------|--------------------|----------
       MethodPlugin | MethodBt.dll       | 1.0.0
                    | MethodCommon.dll   | 1.0.0
                    | MethodCustom.dll   | 1.0.0
                    | MethodDut.dll      | 1.0.0
                    | MethodWifi.dll     | 1.0.0
                    | MethodZigbee.dll   | 1.0.0
     ===============================================

     Tester API Information:
     ===============================================
     WT20X T26(2.8.8.1)
     ===============================================

1 .WT_CONNECT_TESTER
-------------------------------------------------------------------------------
[FAIL]->API:WT_Connect ErrorCode(1)
[FAIL]->API:WT_Connect ErrorCode(1)
[FAIL]->API:WT_Connect ErrorCode(1)
[FAIL]->API:WT_Connect ErrorCode(1)
   Connect Tester Fail!
   Can not connect to 192.168.10.254!
   Test Time: 2.70 sec



Teardown:

2 .WT_SHOW_VERIFY_SUMMARY
-------------------------------------------------------------------------------

   There is no verify test before.


   Test Time: 0.02 sec


3 .WT_DISCONNECT_TESTER
-------------------------------------------------------------------------------
   Test Time: 0.01 sec



Test Time Summary:
=====================================================================================
 No.   Item                                                        Result   TestTime 
-------------------------------------------------------------------------------------
  1  WT_CONNECT_TESTER                                              FAIL     2.70sec
  2  WT_SHOW_VERIFY_SUMMARY                                                  0.02sec
  3  WT_DISCONNECT_TESTER                                           PASS     0.01sec
=====================================================================================


   Error:Connect Tester Fail  Code:22001

     Total Time: 3.109 sec
     Total Result: FAIL
     #######################################################################
     ##                                                                   ##
     ##                    ########    ###     ####  ##                   ##
     ##                    ##         ## ##     ##   ##                   ##
     ##                    ##        ##   ##    ##   ##                   ##
     ##                    ######   ##     ##   ##   ##                   ##
     ##                    ##       #########   ##   ##                   ##
     ##                    ##       ##     ##   ##   ##                   ##
     ##                    ##       ##     ##  ####  ########             ##
     ##                                                                   ##
     #######################################################################

     MT7668U(USB)   Ver 3.3.7C1.C1T2
     ############################################################################
     ############################################################################
     ###########                                                       ##########
     ###########                     WLAN Facility                     ##########
     ###########               for MT7668U(USB)                        ##########
     ###########                                                       ##########
     ############################################################################
     ############################################################################
     Test Date: 2020/09/30, Test Time: 17:32:20




     Plugin Information:
     ===============================================
       TesterPlugin | Tester_Legacy.dll  | 1.0.1
     ---------------|--------------------|----------
       DutPlugin    | DutLib_MT7668U.dll | unknown
     ---------------|--------------------|----------
       CsvPlugin    | WT_Csv.dll         | 1.0.0
     ---------------|--------------------|----------
       MesPlugin    |                    | 
     ---------------|--------------------|----------
       MethodPlugin | MethodBt.dll       | 1.0.0
                    | MethodCommon.dll   | 1.0.0
                    | MethodCustom.dll   | 1.0.0
                    | MethodDut.dll      | 1.0.0
                    | MethodWifi.dll     | 1.0.0
                    | MethodZigbee.dll   | 1.0.0
     ===============================================

     Tester API Information:
     ===============================================
     WT20X T26(2.8.8.1)
     ===============================================

1 .WT_CONNECT_TESTER
-------------------------------------------------------------------------------
[FAIL]->API:WT_Connect ErrorCode(1)
[FAIL]->API:WT_Connect ErrorCode(1)
[FAIL]->API:WT_Connect ErrorCode(1)
[FAIL]->API:WT_Connect ErrorCode(1)
   Connect Tester Fail!
   Can not connect to 192.168.10.254!
   Test Time: 2.72 sec



Teardown:

2 .WT_SHOW_VERIFY_SUMMARY
-------------------------------------------------------------------------------

   There is no verify test before.


   Test Time: 0.01 sec


3 .WT_DISCONNECT_TESTER
-------------------------------------------------------------------------------
   Test Time: 0.02 sec



Test Time Summary:
=====================================================================================
 No.   Item                                                        Result   TestTime 
-------------------------------------------------------------------------------------
  1  WT_CONNECT_TESTER                                              FAIL     2.72sec
  2  WT_SHOW_VERIFY_SUMMARY                                                  0.01sec
  3  WT_DISCONNECT_TESTER                                           PASS     0.02sec
=====================================================================================


   Error:Connect Tester Fail  Code:22001

     Total Time: 3.109 sec
     Total Result: FAIL
     #######################################################################
     ##                                                                   ##
     ##                    ########    ###     ####  ##                   ##
     ##                    ##         ## ##     ##   ##                   ##
     ##                    ##        ##   ##    ##   ##                   ##
     ##                    ######   ##     ##   ##   ##                   ##
     ##                    ##       #########   ##   ##                   ##
     ##                    ##       ##     ##   ##   ##                   ##
     ##                    ##       ##     ##  ####  ########             ##
     ##                                                                   ##
     #######################################################################

     MT7668U(USB)   Ver 3.3.7C1.C1T2
     ############################################################################
     ############################################################################
     ###########                                                       ##########
     ###########                     WLAN Facility                     ##########
     ###########               for MT7668U(USB)                        ##########
     ###########                                                       ##########
     ############################################################################
     ############################################################################
     Test Date: 2020/09/30, Test Time: 17:43:59




     Plugin Information:
     ===============================================
       TesterPlugin | Tester_Legacy.dll  | 1.0.1
     ---------------|--------------------|----------
       DutPlugin    | DutLib_MT7668U.dll | unknown
     ---------------|--------------------|----------
       CsvPlugin    | WT_Csv.dll         | 1.0.0
     ---------------|--------------------|----------
       MesPlugin    |                    | 
     ---------------|--------------------|----------
       MethodPlugin | MethodBt.dll       | 1.0.0
                    | MethodCommon.dll   | 1.0.0
                    | MethodCustom.dll   | 1.0.0
                    | MethodDut.dll      | 1.0.0
                    | MethodWifi.dll     | 1.0.0
                    | MethodZigbee.dll   | 1.0.0
     ===============================================

     Tester API Information:
     ===============================================
     WT20X T26(2.8.8.1)
     ===============================================

1 .WT_CONNECT_TESTER
-------------------------------------------------------------------------------
[FAIL]->API:WT_Connect ErrorCode(1)
[FAIL]->API:WT_Connect ErrorCode(1)
[FAIL]->API:WT_Connect ErrorCode(1)
[FAIL]->API:WT_Connect ErrorCode(1)
   Connect Tester Fail!
   Can not connect to 192.168.10.254!
   Test Time: 2.70 sec



Teardown:

2 .WT_SHOW_VERIFY_SUMMARY
-------------------------------------------------------------------------------

   There is no verify test before.


   Test Time: 0.02 sec


3 .WT_DISCONNECT_TESTER
-------------------------------------------------------------------------------
   Test Time: 0.01 sec



Test Time Summary:
=====================================================================================
 No.   Item                                                        Result   TestTime 
-------------------------------------------------------------------------------------
  1  WT_CONNECT_TESTER                                              FAIL     2.70sec
  2  WT_SHOW_VERIFY_SUMMARY                                                  0.02sec
  3  WT_DISCONNECT_TESTER                                           PASS     0.01sec
=====================================================================================


   Error:Connect Tester Fail  Code:22001

     Total Time: 3.094 sec
     Total Result: FAIL
     #######################################################################
     ##                                                                   ##
     ##                    ########    ###     ####  ##                   ##
     ##                    ##         ## ##     ##   ##                   ##
     ##                    ##        ##   ##    ##   ##                   ##
     ##                    ######   ##     ##   ##   ##                   ##
     ##                    ##       #########   ##   ##                   ##
     ##                    ##       ##     ##   ##   ##                   ##
     ##                    ##       ##     ##  ####  ########             ##
     ##                                                                   ##
     #######################################################################

     MT7668U(USB)   Ver 3.3.7C1.C1T2
     ############################################################################
     ############################################################################
     ###########                                                       ##########
     ###########                     WLAN Facility                     ##########
     ###########               for MT7668U(USB)                        ##########
     ###########                                                       ##########
     ############################################################################
     ############################################################################
     Test Date: 2020/09/30, Test Time: 17:55:29




     Plugin Information:
     ===============================================
       TesterPlugin | Tester_Legacy.dll  | 1.0.1
     ---------------|--------------------|----------
       DutPlugin    | DutLib_MT7668U.dll | unknown
     ---------------|--------------------|----------
       CsvPlugin    | WT_Csv.dll         | 1.0.0
     ---------------|--------------------|----------
       MesPlugin    |                    | 
     ---------------|--------------------|----------
       MethodPlugin | MethodBt.dll       | 1.0.0
                    | MethodCommon.dll   | 1.0.0
                    | MethodCustom.dll   | 1.0.0
                    | MethodDut.dll      | 1.0.0
                    | MethodWifi.dll     | 1.0.0
                    | MethodZigbee.dll   | 1.0.0
     ===============================================

     Tester API Information:
     ===============================================
     WT20X T26(2.8.8.1)
     ===============================================

1 .WT_CONNECT_TESTER
-------------------------------------------------------------------------------
[FAIL]->API:WT_Connect ErrorCode(1)
[FAIL]->API:WT_Connect ErrorCode(1)
[FAIL]->API:WT_Connect ErrorCode(1)
[FAIL]->API:WT_Connect ErrorCode(1)
   Connect Tester Fail!
   Can not connect to 192.168.10.254!
   Test Time: 2.70 sec



Teardown:

2 .WT_SHOW_VERIFY_SUMMARY
-------------------------------------------------------------------------------

   There is no verify test before.


   Test Time: 0.02 sec


3 .WT_DISCONNECT_TESTER
-------------------------------------------------------------------------------
   Test Time: 0.01 sec



Test Time Summary:
=====================================================================================
 No.   Item                                                        Result   TestTime 
-------------------------------------------------------------------------------------
  1  WT_CONNECT_TESTER                                              FAIL     2.70sec
  2  WT_SHOW_VERIFY_SUMMARY                                                  0.02sec
  3  WT_DISCONNECT_TESTER                                           PASS     0.01sec
=====================================================================================


   Error:Connect Tester Fail  Code:22001

     Total Time: 3.094 sec
     Total Result: FAIL
     #######################################################################
     ##                                                                   ##
     ##                    ########    ###     ####  ##                   ##
     ##                    ##         ## ##     ##   ##                   ##
     ##                    ##        ##   ##    ##   ##                   ##
     ##                    ######   ##     ##   ##   ##                   ##
     ##                    ##       #########   ##   ##                   ##
     ##                    ##       ##     ##   ##   ##                   ##
     ##                    ##       ##     ##  ####  ########             ##
     ##                                                                   ##
     #######################################################################
